16:47:16,422 DEBUG main RequestAddCookies:process:123 - CookieSpec selected: default
16:47:16,446 DEBUG main RequestAuthCache:process:77 - Auth cache not set in the context
16:47:16,451 DEBUG main PoolingHttpClientConnectionManager:requestConnection:265 - Connection request: [route: {s}->https://api.vk.com:443][total kept alive: 0; route allocated: 0 of 2; total allocated: 0 of 20]
16:47:16,502 DEBUG main PoolingHttpClientConnectionManager:leaseConnection:309 - Connection leased: [id: 0][route: {s}->https://api.vk.com:443][total kept alive: 0; route allocated: 1 of 2; total allocated: 1 of 20]
16:47:16,507 DEBUG main MainClientExec:execute:235 - Opening connection {s}->https://api.vk.com:443
16:47:16,579 DEBUG main DefaultHttpClientConnectionOperator:connect:139 - Connecting to api.vk.com/87.240.137.206:443
16:47:16,580 DEBUG main SSLConnectionSocketFactory:connectSocket:337 - Connecting socket to api.vk.com/87.240.137.206:443 with timeout 0
16:47:16,765 DEBUG main SSLConnectionSocketFactory:createLayeredSocket:390 - Enabled protocols: [TLSv1.3, TLSv1.2, TLSv1.1, TLSv1]
16:47:16,767 DEBUG main SSLConnectionSocketFactory:createLayeredSocket:391 - Enabled cipher suites:[TLS_AES_128_GCM_SHA256, TLS_AES_256_GCM_SHA384, TLS_CHACHA20_POLY1305_SHA256, TLS_ECDHE_ECDSA_WITH_AES_256_GCM_SHA384, TLS_ECDHE_ECDSA_WITH_AES_128_GCM_SHA256, TLS_ECDHE_ECDSA_WITH_CHACHA20_POLY1305_SHA256, TLS_ECDHE_RSA_WITH_AES_256_GCM_SHA384, TLS_ECDHE_RSA_WITH_CHACHA20_POLY1305_SHA256, TLS_RSA_WITH_AES_256_GCM_SHA384, TLS_ECDH_ECDSA_WITH_AES_256_GCM_SHA384, TLS_ECDH_RSA_WITH_AES_256_GCM_SHA384, TLS_DHE_RSA_WITH_AES_256_GCM_SHA384, TLS_DHE_RSA_WITH_CHACHA20_POLY1305_SHA256, TLS_DHE_DSS_WITH_AES_256_GCM_SHA384, TLS_ECDHE_RSA_WITH_AES_128_GCM_SHA256, TLS_RSA_WITH_AES_128_GCM_SHA256, TLS_ECDH_ECDSA_WITH_AES_128_GCM_SHA256, TLS_ECDH_RSA_WITH_AES_128_GCM_SHA256, TLS_DHE_RSA_WITH_AES_128_GCM_SHA256, TLS_DHE_DSS_WITH_AES_128_GCM_SHA256, TLS_ECDHE_ECDSA_WITH_AES_256_CBC_SHA384, TLS_ECDHE_RSA_WITH_AES_256_CBC_SHA384, TLS_RSA_WITH_AES_256_CBC_SHA256, TLS_ECDH_ECDSA_WITH_AES_256_CBC_SHA384, TLS_ECDH_RSA_WITH_AES_256_CBC_SHA384, TLS_DHE_RSA_WITH_AES_256_CBC_SHA256, TLS_DHE_DSS_WITH_AES_256_CBC_SHA256, TLS_ECDHE_ECDSA_WITH_AES_256_CBC_SHA, TLS_ECDHE_RSA_WITH_AES_256_CBC_SHA, TLS_RSA_WITH_AES_256_CBC_SHA, TLS_ECDH_ECDSA_WITH_AES_256_CBC_SHA, TLS_ECDH_RSA_WITH_AES_256_CBC_SHA, TLS_DHE_RSA_WITH_AES_256_CBC_SHA, TLS_DHE_DSS_WITH_AES_256_CBC_SHA, TLS_ECDHE_ECDSA_WITH_AES_128_CBC_SHA256, TLS_ECDHE_RSA_WITH_AES_128_CBC_SHA256, TLS_RSA_WITH_AES_128_CBC_SHA256, TLS_ECDH_ECDSA_WITH_AES_128_CBC_SHA256, TLS_ECDH_RSA_WITH_AES_128_CBC_SHA256, TLS_DHE_RSA_WITH_AES_128_CBC_SHA256, TLS_DHE_DSS_WITH_AES_128_CBC_SHA256, TLS_ECDHE_ECDSA_WITH_AES_128_CBC_SHA, TLS_ECDHE_RSA_WITH_AES_128_CBC_SHA, TLS_RSA_WITH_AES_128_CBC_SHA, TLS_ECDH_ECDSA_WITH_AES_128_CBC_SHA, TLS_ECDH_RSA_WITH_AES_128_CBC_SHA, TLS_DHE_RSA_WITH_AES_128_CBC_SHA, TLS_DHE_DSS_WITH_AES_128_CBC_SHA, TLS_EMPTY_RENEGOTIATION_INFO_SCSV]
16:47:16,768 DEBUG main SSLConnectionSocketFactory:createLayeredSocket:395 - Starting handshake
16:47:17,568 DEBUG main SSLConnectionSocketFactory:verifyHostname:425 - Secure session established
16:47:17,570 DEBUG main SSLConnectionSocketFactory:verifyHostname:426 -  negotiated protocol: TLSv1.3
16:47:17,571 DEBUG main SSLConnectionSocketFactory:verifyHostname:427 -  negotiated cipher suite: TLS_AES_256_GCM_SHA384
16:47:17,575 DEBUG main SSLConnectionSocketFactory:verifyHostname:435 -  peer principal: CN=api.vk.com, O=V Kontakte LLC, L=Saint-Petersburg, ST=Saint-Petersburg, C=RU
16:47:17,576 DEBUG main SSLConnectionSocketFactory:verifyHostname:444 -  peer alternative names: [api.vk.com]
16:47:17,577 DEBUG main SSLConnectionSocketFactory:verifyHostname:448 -  issuer principal: CN=GlobalSign Organization Validation CA - SHA256 - G2, O=GlobalSign nv-sa, C=BE
16:47:17,602 DEBUG main DefaultHttpClientConnectionOperator:connect:146 - Connection established 192.168.0.114:54867<->87.240.137.206:443
16:47:17,605 DEBUG main MainClientExec:execute:256 - Executing request GET /method/wall.post?access_token=30f2cd1caf08162a27c4b477a3abfeac088d7472753c394fd5f1e0f7af418a70522222b36a00e1ddb4460&owner_id=503105711&message=Good+evening&v=5.103 HTTP/1.1
16:47:17,607 DEBUG main MainClientExec:execute:261 - Target auth state: UNCHALLENGED
16:47:17,609 DEBUG main MainClientExec:execute:267 - Proxy auth state: UNCHALLENGED
16:47:17,616 DEBUG main headers:onRequestSubmitted:133 - http-outgoing-0 >> GET /method/wall.post?access_token=30f2cd1caf08162a27c4b477a3abfeac088d7472753c394fd5f1e0f7af418a70522222b36a00e1ddb4460&owner_id=503105711&message=Good+evening&v=5.103 HTTP/1.1
16:47:17,617 DEBUG main headers:onRequestSubmitted:136 - http-outgoing-0 >> Host: api.vk.com
16:47:17,623 DEBUG main headers:onRequestSubmitted:136 - http-outgoing-0 >> Connection: Keep-Alive
16:47:17,624 DEBUG main headers:onRequestSubmitted:136 - http-outgoing-0 >> User-Agent: Apache-HttpClient/4.5.6 (Java/12.0.1)
16:47:17,625 DEBUG main headers:onRequestSubmitted:136 - http-outgoing-0 >> Accept-Encoding: gzip,deflate
16:47:17,627 DEBUG main wire:wire:73 - http-outgoing-0 >> "GET /method/wall.post?access_token=30f2cd1caf08162a27c4b477a3abfeac088d7472753c394fd5f1e0f7af418a70522222b36a00e1ddb4460&owner_id=503105711&message=Good+evening&v=5.103 HTTP/1.1[\r][\n]"
16:47:17,630 DEBUG main wire:wire:73 - http-outgoing-0 >> "Host: api.vk.com[\r][\n]"
16:47:17,632 DEBUG main wire:wire:73 - http-outgoing-0 >> "Connection: Keep-Alive[\r][\n]"
16:47:17,633 DEBUG main wire:wire:73 - http-outgoing-0 >> "User-Agent: Apache-HttpClient/4.5.6 (Java/12.0.1)[\r][\n]"
16:47:17,634 DEBUG main wire:wire:73 - http-outgoing-0 >> "Accept-Encoding: gzip,deflate[\r][\n]"
16:47:17,638 DEBUG main wire:wire:73 - http-outgoing-0 >> "[\r][\n]"
16:47:17,970 DEBUG main wire:wire:73 - http-outgoing-0 << "HTTP/1.1 200 OK[\r][\n]"
16:47:17,972 DEBUG main wire:wire:73 - http-outgoing-0 << "Server: VK[\r][\n]"
16:47:17,973 DEBUG main wire:wire:73 - http-outgoing-0 << "Date: Wed, 08 Jan 2020 13:47:18 GMT[\r][\n]"
16:47:17,974 DEBUG main wire:wire:73 - http-outgoing-0 << "Content-Type: application/json; charset=utf-8[\r][\n]"
16:47:17,976 DEBUG main wire:wire:73 - http-outgoing-0 << "Content-Length: 48[\r][\n]"
16:47:17,977 DEBUG main wire:wire:73 - http-outgoing-0 << "Connection: keep-alive[\r][\n]"
16:47:17,979 DEBUG main wire:wire:73 - http-outgoing-0 << "X-Powered-By: PHP/3.22587[\r][\n]"
16:47:17,979 DEBUG main wire:wire:73 - http-outgoing-0 << "Cache-control: no-store[\r][\n]"
16:47:17,981 DEBUG main wire:wire:73 - http-outgoing-0 << "Content-Encoding: gzip[\r][\n]"
16:47:17,982 DEBUG main wire:wire:73 - http-outgoing-0 << "Strict-Transport-Security: max-age=86400[\r][\n]"
16:47:17,983 DEBUG main wire:wire:73 - http-outgoing-0 << "[\r][\n]"
16:47:17,984 DEBUG main wire:wire:87 - http-outgoing-0 << "[0x1f][0x8b][0x8][0x0][0x0][0x0][0x0][0x0][0x0][0x3][0xab]V*J-.[0xc8][0xcf]+NU[0xb2][0xaa]V*[0xc8]/.[0x89][0xcf]LQ[0xb2]244[0xab][0xad][0x5][0x0][0x8e]#v[0x94][0x1c][0x0][0x0][0x0]"
16:47:17,997 DEBUG main headers:onResponseReceived:122 - http-outgoing-0 << HTTP/1.1 200 OK
16:47:17,999 DEBUG main headers:onResponseReceived:125 - http-outgoing-0 << Server: VK
16:47:18,000 DEBUG main headers:onResponseReceived:125 - http-outgoing-0 << Date: Wed, 08 Jan 2020 13:47:18 GMT
16:47:18,001 DEBUG main headers:onResponseReceived:125 - http-outgoing-0 << Content-Type: application/json; charset=utf-8
16:47:18,002 DEBUG main headers:onResponseReceived:125 - http-outgoing-0 << Content-Length: 48
16:47:18,003 DEBUG main headers:onResponseReceived:125 - http-outgoing-0 << Connection: keep-alive
16:47:18,005 DEBUG main headers:onResponseReceived:125 - http-outgoing-0 << X-Powered-By: PHP/3.22587
16:47:18,006 DEBUG main headers:onResponseReceived:125 - http-outgoing-0 << Cache-control: no-store
16:47:18,007 DEBUG main headers:onResponseReceived:125 - http-outgoing-0 << Content-Encoding: gzip
16:47:18,010 DEBUG main headers:onResponseReceived:125 - http-outgoing-0 << Strict-Transport-Security: max-age=86400
16:47:18,017 DEBUG main MainClientExec:execute:285 - Connection can be kept alive indefinitely
16:47:18,038 DEBUG main PoolingHttpClientConnectionManager:releaseConnection:341 - Connection [id: 0][route: {s}->https://api.vk.com:443] can be kept alive indefinitely
16:47:18,039 DEBUG main DefaultManagedHttpClientConnection:setSocketTimeout:88 - http-outgoing-0: set socket timeout to 0
16:47:18,041 DEBUG main PoolingHttpClientConnectionManager:releaseConnection:348 - Connection released: [id: 0][route: {s}->https://api.vk.com:443][total kept alive: 1; route allocated: 1 of 2; total allocated: 1 of 20]
16:47:18,063 DEBUG main RequestAddCookies:process:123 - CookieSpec selected: default
16:47:18,070 DEBUG main RequestAuthCache:process:77 - Auth cache not set in the context
16:47:18,072 DEBUG main PoolingHttpClientConnectionManager:requestConnection:265 - Connection request: [route: {s}->https://api.vk.com:443][total kept alive: 0; route allocated: 0 of 2; total allocated: 0 of 20]
16:47:18,074 DEBUG main PoolingHttpClientConnectionManager:leaseConnection:309 - Connection leased: [id: 1][route: {s}->https://api.vk.com:443][total kept alive: 0; route allocated: 1 of 2; total allocated: 1 of 20]
16:47:18,082 DEBUG main MainClientExec:execute:235 - Opening connection {s}->https://api.vk.com:443
16:47:18,083 DEBUG main DefaultHttpClientConnectionOperator:connect:139 - Connecting to api.vk.com/87.240.137.206:443
16:47:18,084 DEBUG main SSLConnectionSocketFactory:connectSocket:337 - Connecting socket to api.vk.com/87.240.137.206:443 with timeout 0
16:47:18,184 DEBUG main SSLConnectionSocketFactory:createLayeredSocket:390 - Enabled protocols: [TLSv1.3, TLSv1.2, TLSv1.1, TLSv1]
16:47:18,185 DEBUG main SSLConnectionSocketFactory:createLayeredSocket:391 - Enabled cipher suites:[TLS_AES_128_GCM_SHA256, TLS_AES_256_GCM_SHA384, TLS_CHACHA20_POLY1305_SHA256, TLS_ECDHE_ECDSA_WITH_AES_256_GCM_SHA384, TLS_ECDHE_ECDSA_WITH_AES_128_GCM_SHA256, TLS_ECDHE_ECDSA_WITH_CHACHA20_POLY1305_SHA256, TLS_ECDHE_RSA_WITH_AES_256_GCM_SHA384, TLS_ECDHE_RSA_WITH_CHACHA20_POLY1305_SHA256, TLS_RSA_WITH_AES_256_GCM_SHA384, TLS_ECDH_ECDSA_WITH_AES_256_GCM_SHA384, TLS_ECDH_RSA_WITH_AES_256_GCM_SHA384, TLS_DHE_RSA_WITH_AES_256_GCM_SHA384, TLS_DHE_RSA_WITH_CHACHA20_POLY1305_SHA256, TLS_DHE_DSS_WITH_AES_256_GCM_SHA384, TLS_ECDHE_RSA_WITH_AES_128_GCM_SHA256, TLS_RSA_WITH_AES_128_GCM_SHA256, TLS_ECDH_ECDSA_WITH_AES_128_GCM_SHA256, TLS_ECDH_RSA_WITH_AES_128_GCM_SHA256, TLS_DHE_RSA_WITH_AES_128_GCM_SHA256, TLS_DHE_DSS_WITH_AES_128_GCM_SHA256, TLS_ECDHE_ECDSA_WITH_AES_256_CBC_SHA384, TLS_ECDHE_RSA_WITH_AES_256_CBC_SHA384, TLS_RSA_WITH_AES_256_CBC_SHA256, TLS_ECDH_ECDSA_WITH_AES_256_CBC_SHA384, TLS_ECDH_RSA_WITH_AES_256_CBC_SHA384, TLS_DHE_RSA_WITH_AES_256_CBC_SHA256, TLS_DHE_DSS_WITH_AES_256_CBC_SHA256, TLS_ECDHE_ECDSA_WITH_AES_256_CBC_SHA, TLS_ECDHE_RSA_WITH_AES_256_CBC_SHA, TLS_RSA_WITH_AES_256_CBC_SHA, TLS_ECDH_ECDSA_WITH_AES_256_CBC_SHA, TLS_ECDH_RSA_WITH_AES_256_CBC_SHA, TLS_DHE_RSA_WITH_AES_256_CBC_SHA, TLS_DHE_DSS_WITH_AES_256_CBC_SHA, TLS_ECDHE_ECDSA_WITH_AES_128_CBC_SHA256, TLS_ECDHE_RSA_WITH_AES_128_CBC_SHA256, TLS_RSA_WITH_AES_128_CBC_SHA256, TLS_ECDH_ECDSA_WITH_AES_128_CBC_SHA256, TLS_ECDH_RSA_WITH_AES_128_CBC_SHA256, TLS_DHE_RSA_WITH_AES_128_CBC_SHA256, TLS_DHE_DSS_WITH_AES_128_CBC_SHA256, TLS_ECDHE_ECDSA_WITH_AES_128_CBC_SHA, TLS_ECDHE_RSA_WITH_AES_128_CBC_SHA, TLS_RSA_WITH_AES_128_CBC_SHA, TLS_ECDH_ECDSA_WITH_AES_128_CBC_SHA, TLS_ECDH_RSA_WITH_AES_128_CBC_SHA, TLS_DHE_RSA_WITH_AES_128_CBC_SHA, TLS_DHE_DSS_WITH_AES_128_CBC_SHA, TLS_EMPTY_RENEGOTIATION_INFO_SCSV]
16:47:18,186 DEBUG main SSLConnectionSocketFactory:createLayeredSocket:395 - Starting handshake
16:47:18,385 DEBUG main SSLConnectionSocketFactory:verifyHostname:425 - Secure session established
16:47:18,387 DEBUG main SSLConnectionSocketFactory:verifyHostname:426 -  negotiated protocol: TLSv1.3
16:47:18,388 DEBUG main SSLConnectionSocketFactory:verifyHostname:427 -  negotiated cipher suite: TLS_AES_256_GCM_SHA384
16:47:18,389 DEBUG main SSLConnectionSocketFactory:verifyHostname:435 -  peer principal: CN=api.vk.com, O=V Kontakte LLC, L=Saint-Petersburg, ST=Saint-Petersburg, C=RU
16:47:18,391 DEBUG main SSLConnectionSocketFactory:verifyHostname:444 -  peer alternative names: [api.vk.com]
16:47:18,391 DEBUG main SSLConnectionSocketFactory:verifyHostname:448 -  issuer principal: CN=GlobalSign Organization Validation CA - SHA256 - G2, O=GlobalSign nv-sa, C=BE
16:47:18,393 DEBUG main DefaultHttpClientConnectionOperator:connect:146 - Connection established 192.168.0.114:54868<->87.240.137.206:443
16:47:18,395 DEBUG main MainClientExec:execute:256 - Executing request GET /method/wall.get?access_token=30f2cd1caf08162a27c4b477a3abfeac088d7472753c394fd5f1e0f7af418a70522222b36a00e1ddb4460&owner_id=503105711&v=5.103 HTTP/1.1
16:47:18,396 DEBUG main MainClientExec:execute:261 - Target auth state: UNCHALLENGED
16:47:18,398 DEBUG main MainClientExec:execute:267 - Proxy auth state: UNCHALLENGED
16:47:18,399 DEBUG main headers:onRequestSubmitted:133 - http-outgoing-1 >> GET /method/wall.get?access_token=30f2cd1caf08162a27c4b477a3abfeac088d7472753c394fd5f1e0f7af418a70522222b36a00e1ddb4460&owner_id=503105711&v=5.103 HTTP/1.1
16:47:18,400 DEBUG main headers:onRequestSubmitted:136 - http-outgoing-1 >> Host: api.vk.com
16:47:18,400 DEBUG main headers:onRequestSubmitted:136 - http-outgoing-1 >> Connection: Keep-Alive
16:47:18,401 DEBUG main headers:onRequestSubmitted:136 - http-outgoing-1 >> User-Agent: Apache-HttpClient/4.5.6 (Java/12.0.1)
16:47:18,402 DEBUG main headers:onRequestSubmitted:136 - http-outgoing-1 >> Accept-Encoding: gzip,deflate
16:47:18,403 DEBUG main wire:wire:73 - http-outgoing-1 >> "GET /method/wall.get?access_token=30f2cd1caf08162a27c4b477a3abfeac088d7472753c394fd5f1e0f7af418a70522222b36a00e1ddb4460&owner_id=503105711&v=5.103 HTTP/1.1[\r][\n]"
16:47:18,404 DEBUG main wire:wire:73 - http-outgoing-1 >> "Host: api.vk.com[\r][\n]"
16:47:18,405 DEBUG main wire:wire:73 - http-outgoing-1 >> "Connection: Keep-Alive[\r][\n]"
16:47:18,406 DEBUG main wire:wire:73 - http-outgoing-1 >> "User-Agent: Apache-HttpClient/4.5.6 (Java/12.0.1)[\r][\n]"
16:47:18,407 DEBUG main wire:wire:73 - http-outgoing-1 >> "Accept-Encoding: gzip,deflate[\r][\n]"
16:47:18,408 DEBUG main wire:wire:73 - http-outgoing-1 >> "[\r][\n]"
16:47:18,621 DEBUG main wire:wire:73 - http-outgoing-1 << "HTTP/1.1 200 OK[\r][\n]"
16:47:18,629 DEBUG main wire:wire:73 - http-outgoing-1 << "Server: VK[\r][\n]"
16:47:18,639 DEBUG main wire:wire:73 - http-outgoing-1 << "Date: Wed, 08 Jan 2020 13:47:18 GMT[\r][\n]"
16:47:18,640 DEBUG main wire:wire:73 - http-outgoing-1 << "Content-Type: application/json; charset=utf-8[\r][\n]"
16:47:18,641 DEBUG main wire:wire:73 - http-outgoing-1 << "Content-Length: 547[\r][\n]"
16:47:18,642 DEBUG main wire:wire:73 - http-outgoing-1 << "Connection: keep-alive[\r][\n]"
16:47:18,644 DEBUG main wire:wire:73 - http-outgoing-1 << "X-Powered-By: PHP/3.22587[\r][\n]"
16:47:18,645 DEBUG main wire:wire:73 - http-outgoing-1 << "Cache-control: no-store[\r][\n]"
16:47:18,646 DEBUG main wire:wire:73 - http-outgoing-1 << "Content-Encoding: gzip[\r][\n]"
16:47:18,648 DEBUG main wire:wire:73 - http-outgoing-1 << "Strict-Transport-Security: max-age=86400[\r][\n]"
16:47:18,649 DEBUG main wire:wire:73 - http-outgoing-1 << "[\r][\n]"
16:47:18,650 DEBUG main wire:wire:73 - http-outgoing-1 << "[0x1f][0x8b][0x8][0x0][0x0][0x0][0x0][0x0][0x0][0x3][0xed][0x98][0xc1][0x8e][0xa3]0[0xc][0x86]_e[0x95]3[0x87][0x84][0x12][0x8]}[0x81]}[0x88][0xd5][0xaa]b![0x9d][0x89][0x16][0x8]J[0xa0]3[0xa3][0x8a]w[0xdf][0x18]([0xad]F+[0xb5][0xf2][0xe][0xdd][0x8b]o[0x8d][0xd3]:[0xb1][0xbf][0xfe][0xc6][0xf8][0xcc][0x9c][0xf6][0x9d]m[0xbd]f[0xfb]3+[0xed][0xd0][0xf6]l[0x9f][0xe5][0x11]3[0xbd]n<[0xdb][0xff]83S[0xb1][0xbd][0x10]i[0xc4][0x8e][0xce]6[0x7]XI[0xbe][0x13]\fBD[0xcc][0xbe][0xb5][0xda]}6VE[0x1f][0xdc][0x9][0x99][0xa9]$[0x17][0xf1]NE[0xac][0xb3][0xbe]?[0xf4][0x1f]]0O[0x9f]Y[0xc4]z[0xfd][0x1e][0x8e]b[0xdf][0xad][0xad][0xbe][0xe9][0x93]nM[0xfb][0x12][0xac]e[0xd1][0x1e]te[0xc2][0x8e][0x98][0x17][0x95][0xae][0xf5][0xe4]m^v[0xa6]]?[0x17][0xae]|5[0xa7][0xb0][0xd7][0xbb]A[0x87][0x1b][0xfb][0x8b]%[0xdc][0xe6]X[0xd4]^/[0xe7]z;[0xb8]r[0x8a]o[0xb9]A[0xd1][0x19]6[0x6][0x1f][0xb6]it[0xdb][0xfb][0x9b][0xc8][0xf9]r[\n]"
16:47:18,652 DEBUG main wire:wire:73 - http-outgoing-1 << "\[0x11][0x8e]yqv[0xe8][0xfc][0xe1]j[0x9b][0x8f][0x82]uY[H[0x9a][0x8][0x8e]j[0xf3][[0xf2]2[0xf8][0x90][0x96][0xc5][0xbe]8[0x85][0xd5]5[0x8e][0xe1]Wm[0xfc][0xeb][0xfc]{[0xa7][0xc1][0xf9][0xdf]<[0xcc];[0x10][0x10][0x1f][0xa7][0x8][0x8f][0xc5][0xc9]:[0x3][0x9][0x99]"[0x1c][0xa3][0xb][0x1f][0x89][0xe5][0xc3][0x81]6[0xf1][0xd9][0x9a][0xcf][0xe][0xc9][0x87]giv[0x97]Oc[0x1d][0xf1][0xc1][0xf0][0x89][0x18]$[0xb][0xf6][0xd7]l[0xab]+[0xb3][0x18][0xcf],%Mm[0xaf])[0x81][0xe5]#[0xa9][0xe6]=[0x81][0xf]Op|T*SI5[0xef]k[0xf8][0x9c][0x8c]~[0xbb][0xfd][0x96]x[0xa4][0xe]N[0x4][0xae][0x1c][0x91]uP[0xa5][0x9][0xfc][0x5][0x88][0xe3][0x16][0x1c][0xe3][0xc7]8&[0xfc][0x86]#[0xb2]^[0x82][0x97][0x1d][0xd5][0xcb][0xad][0xeb]e[0x9e]c[0xf1][0x88][0x7][0xf0][0x90][0xcc][0xb6],[0x97][0x81][0xc0][0x8a]Qa1[0xf2][0x9c][0x93][0xca]6W[0x19]r[0x90][0xa1][0xa4][0xe2][0xf7][0x9b]zR[0xd9][0xd7][0xbc][0x88]M[0xd9]^[0x91]!g[0x1b][0xe0][0xe4]~[0x1f]I[0x8a][0xfa]WE!G[0x1b]J&)=[0xb7][0x9e][0xa7][0xa8]$MVd[0xd8][0x8e]>8[0x89]IQ[0x9b]+[0x8a]#[0xf1][0xc4]"'E[0xfd][0xd7]N[0x10][0x8]\0*lC[0x1f][0x9c][0x90][0xca]6W[0x99][0xca][0x90]x[0xc0]F*{[0xd6]s+d{[0x1d][0xc9]+l[0xf3][0x1e]l4[0x91][0xdf]^Q[0xc8][0x81]o[0xa6]dN[0x3][0xdf]g)[\n]"
16:47:18,653 DEBUG main wire:wire:87 - http-outgoing-1 << "[0xb2][0xbd][0xbe][)d[0xf3][0xe]N[0xee][0xcf]vIQXE[0xfd][0x1c][0xc7]? [0x6]l[0x8e][0x9b]![0x0][0x0]"
16:47:18,654 DEBUG main headers:onResponseReceived:122 - http-outgoing-1 << HTTP/1.1 200 OK
16:47:18,655 DEBUG main headers:onResponseReceived:125 - http-outgoing-1 << Server: VK
16:47:18,656 DEBUG main headers:onResponseReceived:125 - http-outgoing-1 << Date: Wed, 08 Jan 2020 13:47:18 GMT
16:47:18,657 DEBUG main headers:onResponseReceived:125 - http-outgoing-1 << Content-Type: application/json; charset=utf-8
16:47:18,660 DEBUG main headers:onResponseReceived:125 - http-outgoing-1 << Content-Length: 547
16:47:18,661 DEBUG main headers:onResponseReceived:125 - http-outgoing-1 << Connection: keep-alive
16:47:18,661 DEBUG main headers:onResponseReceived:125 - http-outgoing-1 << X-Powered-By: PHP/3.22587
16:47:18,662 DEBUG main headers:onResponseReceived:125 - http-outgoing-1 << Cache-control: no-store
16:47:18,663 DEBUG main headers:onResponseReceived:125 - http-outgoing-1 << Content-Encoding: gzip
16:47:18,664 DEBUG main headers:onResponseReceived:125 - http-outgoing-1 << Strict-Transport-Security: max-age=86400
16:47:18,666 DEBUG main MainClientExec:execute:285 - Connection can be kept alive indefinitely
16:47:18,677 DEBUG main PoolingHttpClientConnectionManager:releaseConnection:341 - Connection [id: 1][route: {s}->https://api.vk.com:443] can be kept alive indefinitely
16:47:18,688 DEBUG main DefaultManagedHttpClientConnection:setSocketTimeout:88 - http-outgoing-1: set socket timeout to 0
16:47:18,700 DEBUG main PoolingHttpClientConnectionManager:releaseConnection:348 - Connection released: [id: 1][route: {s}->https://api.vk.com:443][total kept alive: 1; route allocated: 1 of 2; total allocated: 1 of 20]
16:47:18,820 DEBUG main CompiledPath:evaluate:47 - Evaluating path: $['response']['items']
16:47:18,851 DEBUG main CompiledPath:evaluate:47 - Evaluating path: $['id']
16:47:18,853 DEBUG main CompiledPath:evaluate:47 - Evaluating path: $['text']
16:47:18,860  INFO main WallTest:messageIsPostedTest:29 - info message
16:47:18,897 DEBUG main RequestAddCookies:process:123 - CookieSpec selected: default
16:47:18,899 DEBUG main RequestAuthCache:process:77 - Auth cache not set in the context
16:47:18,900 DEBUG main PoolingHttpClientConnectionManager:requestConnection:265 - Connection request: [route: {s}->https://api.vk.com:443][total kept alive: 0; route allocated: 0 of 2; total allocated: 0 of 20]
16:47:18,900 DEBUG main PoolingHttpClientConnectionManager:leaseConnection:309 - Connection leased: [id: 2][route: {s}->https://api.vk.com:443][total kept alive: 0; route allocated: 1 of 2; total allocated: 1 of 20]
16:47:18,901 DEBUG main MainClientExec:execute:235 - Opening connection {s}->https://api.vk.com:443
16:47:18,905 DEBUG main DefaultHttpClientConnectionOperator:connect:139 - Connecting to api.vk.com/87.240.137.206:443
16:47:18,907 DEBUG main SSLConnectionSocketFactory:connectSocket:337 - Connecting socket to api.vk.com/87.240.137.206:443 with timeout 0
16:47:18,972 DEBUG main SSLConnectionSocketFactory:createLayeredSocket:390 - Enabled protocols: [TLSv1.3, TLSv1.2, TLSv1.1, TLSv1]
16:47:18,974 DEBUG main SSLConnectionSocketFactory:createLayeredSocket:391 - Enabled cipher suites:[TLS_AES_128_GCM_SHA256, TLS_AES_256_GCM_SHA384, TLS_CHACHA20_POLY1305_SHA256, TLS_ECDHE_ECDSA_WITH_AES_256_GCM_SHA384, TLS_ECDHE_ECDSA_WITH_AES_128_GCM_SHA256, TLS_ECDHE_ECDSA_WITH_CHACHA20_POLY1305_SHA256, TLS_ECDHE_RSA_WITH_AES_256_GCM_SHA384, TLS_ECDHE_RSA_WITH_CHACHA20_POLY1305_SHA256, TLS_RSA_WITH_AES_256_GCM_SHA384, TLS_ECDH_ECDSA_WITH_AES_256_GCM_SHA384, TLS_ECDH_RSA_WITH_AES_256_GCM_SHA384, TLS_DHE_RSA_WITH_AES_256_GCM_SHA384, TLS_DHE_RSA_WITH_CHACHA20_POLY1305_SHA256, TLS_DHE_DSS_WITH_AES_256_GCM_SHA384, TLS_ECDHE_RSA_WITH_AES_128_GCM_SHA256, TLS_RSA_WITH_AES_128_GCM_SHA256, TLS_ECDH_ECDSA_WITH_AES_128_GCM_SHA256, TLS_ECDH_RSA_WITH_AES_128_GCM_SHA256, TLS_DHE_RSA_WITH_AES_128_GCM_SHA256, TLS_DHE_DSS_WITH_AES_128_GCM_SHA256, TLS_ECDHE_ECDSA_WITH_AES_256_CBC_SHA384, TLS_ECDHE_RSA_WITH_AES_256_CBC_SHA384, TLS_RSA_WITH_AES_256_CBC_SHA256, TLS_ECDH_ECDSA_WITH_AES_256_CBC_SHA384, TLS_ECDH_RSA_WITH_AES_256_CBC_SHA384, TLS_DHE_RSA_WITH_AES_256_CBC_SHA256, TLS_DHE_DSS_WITH_AES_256_CBC_SHA256, TLS_ECDHE_ECDSA_WITH_AES_256_CBC_SHA, TLS_ECDHE_RSA_WITH_AES_256_CBC_SHA, TLS_RSA_WITH_AES_256_CBC_SHA, TLS_ECDH_ECDSA_WITH_AES_256_CBC_SHA, TLS_ECDH_RSA_WITH_AES_256_CBC_SHA, TLS_DHE_RSA_WITH_AES_256_CBC_SHA, TLS_DHE_DSS_WITH_AES_256_CBC_SHA, TLS_ECDHE_ECDSA_WITH_AES_128_CBC_SHA256, TLS_ECDHE_RSA_WITH_AES_128_CBC_SHA256, TLS_RSA_WITH_AES_128_CBC_SHA256, TLS_ECDH_ECDSA_WITH_AES_128_CBC_SHA256, TLS_ECDH_RSA_WITH_AES_128_CBC_SHA256, TLS_DHE_RSA_WITH_AES_128_CBC_SHA256, TLS_DHE_DSS_WITH_AES_128_CBC_SHA256, TLS_ECDHE_ECDSA_WITH_AES_128_CBC_SHA, TLS_ECDHE_RSA_WITH_AES_128_CBC_SHA, TLS_RSA_WITH_AES_128_CBC_SHA, TLS_ECDH_ECDSA_WITH_AES_128_CBC_SHA, TLS_ECDH_RSA_WITH_AES_128_CBC_SHA, TLS_DHE_RSA_WITH_AES_128_CBC_SHA, TLS_DHE_DSS_WITH_AES_128_CBC_SHA, TLS_EMPTY_RENEGOTIATION_INFO_SCSV]
16:47:18,975 DEBUG main SSLConnectionSocketFactory:createLayeredSocket:395 - Starting handshake
16:47:19,209 DEBUG main SSLConnectionSocketFactory:verifyHostname:425 - Secure session established
16:47:19,210 DEBUG main SSLConnectionSocketFactory:verifyHostname:426 -  negotiated protocol: TLSv1.3
16:47:19,210 DEBUG main SSLConnectionSocketFactory:verifyHostname:427 -  negotiated cipher suite: TLS_AES_256_GCM_SHA384
16:47:19,211 DEBUG main SSLConnectionSocketFactory:verifyHostname:435 -  peer principal: CN=api.vk.com, O=V Kontakte LLC, L=Saint-Petersburg, ST=Saint-Petersburg, C=RU
16:47:19,212 DEBUG main SSLConnectionSocketFactory:verifyHostname:444 -  peer alternative names: [api.vk.com]
16:47:19,212 DEBUG main SSLConnectionSocketFactory:verifyHostname:448 -  issuer principal: CN=GlobalSign Organization Validation CA - SHA256 - G2, O=GlobalSign nv-sa, C=BE
16:47:19,213 DEBUG main DefaultHttpClientConnectionOperator:connect:146 - Connection established 192.168.0.114:54869<->87.240.137.206:443
16:47:19,214 DEBUG main MainClientExec:execute:256 - Executing request GET /method/wall.post?access_token=30f2cd1caf08162a27c4b477a3abfeac088d7472753c394fd5f1e0f7af418a70522222b36a00e1ddb4460&owner_id=503105711&message=Good+evening&v=5.103 HTTP/1.1
16:47:19,214 DEBUG main MainClientExec:execute:261 - Target auth state: UNCHALLENGED
16:47:19,215 DEBUG main MainClientExec:execute:267 - Proxy auth state: UNCHALLENGED
16:47:19,215 DEBUG main headers:onRequestSubmitted:133 - http-outgoing-2 >> GET /method/wall.post?access_token=30f2cd1caf08162a27c4b477a3abfeac088d7472753c394fd5f1e0f7af418a70522222b36a00e1ddb4460&owner_id=503105711&message=Good+evening&v=5.103 HTTP/1.1
16:47:19,216 DEBUG main headers:onRequestSubmitted:136 - http-outgoing-2 >> Host: api.vk.com
16:47:19,217 DEBUG main headers:onRequestSubmitted:136 - http-outgoing-2 >> Connection: Keep-Alive
16:47:19,217 DEBUG main headers:onRequestSubmitted:136 - http-outgoing-2 >> User-Agent: Apache-HttpClient/4.5.6 (Java/12.0.1)
16:47:19,218 DEBUG main headers:onRequestSubmitted:136 - http-outgoing-2 >> Accept-Encoding: gzip,deflate
16:47:19,219 DEBUG main wire:wire:73 - http-outgoing-2 >> "GET /method/wall.post?access_token=30f2cd1caf08162a27c4b477a3abfeac088d7472753c394fd5f1e0f7af418a70522222b36a00e1ddb4460&owner_id=503105711&message=Good+evening&v=5.103 HTTP/1.1[\r][\n]"
16:47:19,220 DEBUG main wire:wire:73 - http-outgoing-2 >> "Host: api.vk.com[\r][\n]"
16:47:19,221 DEBUG main wire:wire:73 - http-outgoing-2 >> "Connection: Keep-Alive[\r][\n]"
16:47:19,222 DEBUG main wire:wire:73 - http-outgoing-2 >> "User-Agent: Apache-HttpClient/4.5.6 (Java/12.0.1)[\r][\n]"
16:47:19,224 DEBUG main wire:wire:73 - http-outgoing-2 >> "Accept-Encoding: gzip,deflate[\r][\n]"
16:47:19,225 DEBUG main wire:wire:73 - http-outgoing-2 >> "[\r][\n]"
16:47:19,398 DEBUG main wire:wire:73 - http-outgoing-2 << "HTTP/1.1 200 OK[\r][\n]"
16:47:19,399 DEBUG main wire:wire:73 - http-outgoing-2 << "Server: VK[\r][\n]"
16:47:19,401 DEBUG main wire:wire:73 - http-outgoing-2 << "Date: Wed, 08 Jan 2020 13:47:19 GMT[\r][\n]"
16:47:19,403 DEBUG main wire:wire:73 - http-outgoing-2 << "Content-Type: application/json; charset=utf-8[\r][\n]"
16:47:19,404 DEBUG main wire:wire:73 - http-outgoing-2 << "Content-Length: 48[\r][\n]"
16:47:19,406 DEBUG main wire:wire:73 - http-outgoing-2 << "Connection: keep-alive[\r][\n]"
16:47:19,407 DEBUG main wire:wire:73 - http-outgoing-2 << "X-Powered-By: PHP/3.22587[\r][\n]"
16:47:19,409 DEBUG main wire:wire:73 - http-outgoing-2 << "Cache-control: no-store[\r][\n]"
16:47:19,410 DEBUG main wire:wire:73 - http-outgoing-2 << "Content-Encoding: gzip[\r][\n]"
16:47:19,411 DEBUG main wire:wire:73 - http-outgoing-2 << "Strict-Transport-Security: max-age=86400[\r][\n]"
16:47:19,412 DEBUG main wire:wire:73 - http-outgoing-2 << "[\r][\n]"
16:47:19,414 DEBUG main wire:wire:87 - http-outgoing-2 << "[0x1f][0x8b][0x8][0x0][0x0][0x0][0x0][0x0][0x0][0x3][0xab]V*J-.[0xc8][0xcf]+NU[0xb2][0xaa]V*[0xc8]/.[0x89][0xcf]LQ[0xb2]244[0xaf][0xad][0x5][0x0][0xb9]I[0xb4][0x95][0x1c][0x0][0x0][0x0]"
16:47:19,415 DEBUG main headers:onResponseReceived:122 - http-outgoing-2 << HTTP/1.1 200 OK
16:47:19,417 DEBUG main headers:onResponseReceived:125 - http-outgoing-2 << Server: VK
16:47:19,417 DEBUG main headers:onResponseReceived:125 - http-outgoing-2 << Date: Wed, 08 Jan 2020 13:47:19 GMT
16:47:19,418 DEBUG main headers:onResponseReceived:125 - http-outgoing-2 << Content-Type: application/json; charset=utf-8
16:47:19,419 DEBUG main headers:onResponseReceived:125 - http-outgoing-2 << Content-Length: 48
16:47:19,419 DEBUG main headers:onResponseReceived:125 - http-outgoing-2 << Connection: keep-alive
16:47:19,420 DEBUG main headers:onResponseReceived:125 - http-outgoing-2 << X-Powered-By: PHP/3.22587
16:47:19,421 DEBUG main headers:onResponseReceived:125 - http-outgoing-2 << Cache-control: no-store
16:47:19,421 DEBUG main headers:onResponseReceived:125 - http-outgoing-2 << Content-Encoding: gzip
16:47:19,422 DEBUG main headers:onResponseReceived:125 - http-outgoing-2 << Strict-Transport-Security: max-age=86400
16:47:19,423 DEBUG main MainClientExec:execute:285 - Connection can be kept alive indefinitely
16:47:19,424 DEBUG main PoolingHttpClientConnectionManager:releaseConnection:341 - Connection [id: 2][route: {s}->https://api.vk.com:443] can be kept alive indefinitely
16:47:19,425 DEBUG main DefaultManagedHttpClientConnection:setSocketTimeout:88 - http-outgoing-2: set socket timeout to 0
16:47:19,427 DEBUG main PoolingHttpClientConnectionManager:releaseConnection:348 - Connection released: [id: 2][route: {s}->https://api.vk.com:443][total kept alive: 1; route allocated: 1 of 2; total allocated: 1 of 20]
16:47:19,450 DEBUG main RequestAddCookies:process:123 - CookieSpec selected: default
16:47:19,452 DEBUG main RequestAuthCache:process:77 - Auth cache not set in the context
16:47:19,458 DEBUG main PoolingHttpClientConnectionManager:requestConnection:265 - Connection request: [route: {s}->https://api.vk.com:443][total kept alive: 0; route allocated: 0 of 2; total allocated: 0 of 20]
16:47:19,459 DEBUG main PoolingHttpClientConnectionManager:leaseConnection:309 - Connection leased: [id: 3][route: {s}->https://api.vk.com:443][total kept alive: 0; route allocated: 1 of 2; total allocated: 1 of 20]
16:47:19,460 DEBUG main MainClientExec:execute:235 - Opening connection {s}->https://api.vk.com:443
16:47:19,461 DEBUG main DefaultHttpClientConnectionOperator:connect:139 - Connecting to api.vk.com/87.240.137.206:443
16:47:19,462 DEBUG main SSLConnectionSocketFactory:connectSocket:337 - Connecting socket to api.vk.com/87.240.137.206:443 with timeout 0
16:47:19,532 DEBUG main SSLConnectionSocketFactory:createLayeredSocket:390 - Enabled protocols: [TLSv1.3, TLSv1.2, TLSv1.1, TLSv1]
16:47:19,533 DEBUG main SSLConnectionSocketFactory:createLayeredSocket:391 - Enabled cipher suites:[TLS_AES_128_GCM_SHA256, TLS_AES_256_GCM_SHA384, TLS_CHACHA20_POLY1305_SHA256, TLS_ECDHE_ECDSA_WITH_AES_256_GCM_SHA384, TLS_ECDHE_ECDSA_WITH_AES_128_GCM_SHA256, TLS_ECDHE_ECDSA_WITH_CHACHA20_POLY1305_SHA256, TLS_ECDHE_RSA_WITH_AES_256_GCM_SHA384, TLS_ECDHE_RSA_WITH_CHACHA20_POLY1305_SHA256, TLS_RSA_WITH_AES_256_GCM_SHA384, TLS_ECDH_ECDSA_WITH_AES_256_GCM_SHA384, TLS_ECDH_RSA_WITH_AES_256_GCM_SHA384, TLS_DHE_RSA_WITH_AES_256_GCM_SHA384, TLS_DHE_RSA_WITH_CHACHA20_POLY1305_SHA256, TLS_DHE_DSS_WITH_AES_256_GCM_SHA384, TLS_ECDHE_RSA_WITH_AES_128_GCM_SHA256, TLS_RSA_WITH_AES_128_GCM_SHA256, TLS_ECDH_ECDSA_WITH_AES_128_GCM_SHA256, TLS_ECDH_RSA_WITH_AES_128_GCM_SHA256, TLS_DHE_RSA_WITH_AES_128_GCM_SHA256, TLS_DHE_DSS_WITH_AES_128_GCM_SHA256, TLS_ECDHE_ECDSA_WITH_AES_256_CBC_SHA384, TLS_ECDHE_RSA_WITH_AES_256_CBC_SHA384, TLS_RSA_WITH_AES_256_CBC_SHA256, TLS_ECDH_ECDSA_WITH_AES_256_CBC_SHA384, TLS_ECDH_RSA_WITH_AES_256_CBC_SHA384, TLS_DHE_RSA_WITH_AES_256_CBC_SHA256, TLS_DHE_DSS_WITH_AES_256_CBC_SHA256, TLS_ECDHE_ECDSA_WITH_AES_256_CBC_SHA, TLS_ECDHE_RSA_WITH_AES_256_CBC_SHA, TLS_RSA_WITH_AES_256_CBC_SHA, TLS_ECDH_ECDSA_WITH_AES_256_CBC_SHA, TLS_ECDH_RSA_WITH_AES_256_CBC_SHA, TLS_DHE_RSA_WITH_AES_256_CBC_SHA, TLS_DHE_DSS_WITH_AES_256_CBC_SHA, TLS_ECDHE_ECDSA_WITH_AES_128_CBC_SHA256, TLS_ECDHE_RSA_WITH_AES_128_CBC_SHA256, TLS_RSA_WITH_AES_128_CBC_SHA256, TLS_ECDH_ECDSA_WITH_AES_128_CBC_SHA256, TLS_ECDH_RSA_WITH_AES_128_CBC_SHA256, TLS_DHE_RSA_WITH_AES_128_CBC_SHA256, TLS_DHE_DSS_WITH_AES_128_CBC_SHA256, TLS_ECDHE_ECDSA_WITH_AES_128_CBC_SHA, TLS_ECDHE_RSA_WITH_AES_128_CBC_SHA, TLS_RSA_WITH_AES_128_CBC_SHA, TLS_ECDH_ECDSA_WITH_AES_128_CBC_SHA, TLS_ECDH_RSA_WITH_AES_128_CBC_SHA, TLS_DHE_RSA_WITH_AES_128_CBC_SHA, TLS_DHE_DSS_WITH_AES_128_CBC_SHA, TLS_EMPTY_RENEGOTIATION_INFO_SCSV]
16:47:19,534 DEBUG main SSLConnectionSocketFactory:createLayeredSocket:395 - Starting handshake
16:47:19,657 DEBUG main SSLConnectionSocketFactory:verifyHostname:425 - Secure session established
16:47:19,657 DEBUG main SSLConnectionSocketFactory:verifyHostname:426 -  negotiated protocol: TLSv1.3
16:47:19,658 DEBUG main SSLConnectionSocketFactory:verifyHostname:427 -  negotiated cipher suite: TLS_AES_256_GCM_SHA384
16:47:19,659 DEBUG main SSLConnectionSocketFactory:verifyHostname:435 -  peer principal: CN=api.vk.com, O=V Kontakte LLC, L=Saint-Petersburg, ST=Saint-Petersburg, C=RU
16:47:19,660 DEBUG main SSLConnectionSocketFactory:verifyHostname:444 -  peer alternative names: [api.vk.com]
16:47:19,665 DEBUG main SSLConnectionSocketFactory:verifyHostname:448 -  issuer principal: CN=GlobalSign Organization Validation CA - SHA256 - G2, O=GlobalSign nv-sa, C=BE
16:47:19,667 DEBUG main DefaultHttpClientConnectionOperator:connect:146 - Connection established 192.168.0.114:54870<->87.240.137.206:443
16:47:19,668 DEBUG main MainClientExec:execute:256 - Executing request GET /method/wall.edit?access_token=30f2cd1caf08162a27c4b477a3abfeac088d7472753c394fd5f1e0f7af418a70522222b36a00e1ddb4460&owner_id=503105711&message=Good+morning&v=5.103&post_id=117 HTTP/1.1
16:47:19,671 DEBUG main MainClientExec:execute:261 - Target auth state: UNCHALLENGED
16:47:19,672 DEBUG main MainClientExec:execute:267 - Proxy auth state: UNCHALLENGED
16:47:19,673 DEBUG main headers:onRequestSubmitted:133 - http-outgoing-3 >> GET /method/wall.edit?access_token=30f2cd1caf08162a27c4b477a3abfeac088d7472753c394fd5f1e0f7af418a70522222b36a00e1ddb4460&owner_id=503105711&message=Good+morning&v=5.103&post_id=117 HTTP/1.1
16:47:19,676 DEBUG main headers:onRequestSubmitted:136 - http-outgoing-3 >> Host: api.vk.com
16:47:19,677 DEBUG main headers:onRequestSubmitted:136 - http-outgoing-3 >> Connection: Keep-Alive
16:47:19,677 DEBUG main headers:onRequestSubmitted:136 - http-outgoing-3 >> User-Agent: Apache-HttpClient/4.5.6 (Java/12.0.1)
16:47:19,678 DEBUG main headers:onRequestSubmitted:136 - http-outgoing-3 >> Accept-Encoding: gzip,deflate
16:47:19,679 DEBUG main wire:wire:73 - http-outgoing-3 >> "GET /method/wall.edit?access_token=30f2cd1caf08162a27c4b477a3abfeac088d7472753c394fd5f1e0f7af418a70522222b36a00e1ddb4460&owner_id=503105711&message=Good+morning&v=5.103&post_id=117 HTTP/1.1[\r][\n]"
16:47:19,679 DEBUG main wire:wire:73 - http-outgoing-3 >> "Host: api.vk.com[\r][\n]"
16:47:19,680 DEBUG main wire:wire:73 - http-outgoing-3 >> "Connection: Keep-Alive[\r][\n]"
16:47:19,681 DEBUG main wire:wire:73 - http-outgoing-3 >> "User-Agent: Apache-HttpClient/4.5.6 (Java/12.0.1)[\r][\n]"
16:47:19,682 DEBUG main wire:wire:73 - http-outgoing-3 >> "Accept-Encoding: gzip,deflate[\r][\n]"
16:47:19,683 DEBUG main wire:wire:73 - http-outgoing-3 >> "[\r][\n]"
16:47:19,801 DEBUG main wire:wire:73 - http-outgoing-3 << "HTTP/1.1 200 OK[\r][\n]"
16:47:19,803 DEBUG main wire:wire:73 - http-outgoing-3 << "Server: VK[\r][\n]"
16:47:19,803 DEBUG main wire:wire:73 - http-outgoing-3 << "Date: Wed, 08 Jan 2020 13:47:20 GMT[\r][\n]"
16:47:19,804 DEBUG main wire:wire:73 - http-outgoing-3 << "Content-Type: application/json; charset=utf-8[\r][\n]"
16:47:19,804 DEBUG main wire:wire:73 - http-outgoing-3 << "Content-Length: 48[\r][\n]"
16:47:19,805 DEBUG main wire:wire:73 - http-outgoing-3 << "Connection: keep-alive[\r][\n]"
16:47:19,806 DEBUG main wire:wire:73 - http-outgoing-3 << "X-Powered-By: PHP/3.22587[\r][\n]"
16:47:19,807 DEBUG main wire:wire:73 - http-outgoing-3 << "Cache-control: no-store[\r][\n]"
16:47:19,808 DEBUG main wire:wire:73 - http-outgoing-3 << "Content-Encoding: gzip[\r][\n]"
16:47:19,809 DEBUG main wire:wire:73 - http-outgoing-3 << "Strict-Transport-Security: max-age=86400[\r][\n]"
16:47:19,811 DEBUG main wire:wire:73 - http-outgoing-3 << "[\r][\n]"
16:47:19,812 DEBUG main wire:wire:87 - http-outgoing-3 << "[0x1f][0x8b][0x8][0x0][0x0][0x0][0x0][0x0][0x0][0x3][0xab]V*J-.[0xc8][0xcf]+NU[0xb2][0xaa]V*[0xc8]/.[0x89][0xcf]LQ[0xb2]244[0xaf][0xad][0x5][0x0][0xb9]I[0xb4][0x95][0x1c][0x0][0x0][0x0]"
16:47:19,813 DEBUG main headers:onResponseReceived:122 - http-outgoing-3 << HTTP/1.1 200 OK
16:47:19,813 DEBUG main headers:onResponseReceived:125 - http-outgoing-3 << Server: VK
16:47:19,814 DEBUG main headers:onResponseReceived:125 - http-outgoing-3 << Date: Wed, 08 Jan 2020 13:47:20 GMT
16:47:19,814 DEBUG main headers:onResponseReceived:125 - http-outgoing-3 << Content-Type: application/json; charset=utf-8
16:47:19,815 DEBUG main headers:onResponseReceived:125 - http-outgoing-3 << Content-Length: 48
16:47:19,816 DEBUG main headers:onResponseReceived:125 - http-outgoing-3 << Connection: keep-alive
16:47:19,817 DEBUG main headers:onResponseReceived:125 - http-outgoing-3 << X-Powered-By: PHP/3.22587
16:47:19,819 DEBUG main headers:onResponseReceived:125 - http-outgoing-3 << Cache-control: no-store
16:47:19,820 DEBUG main headers:onResponseReceived:125 - http-outgoing-3 << Content-Encoding: gzip
16:47:19,821 DEBUG main headers:onResponseReceived:125 - http-outgoing-3 << Strict-Transport-Security: max-age=86400
16:47:19,822 DEBUG main MainClientExec:execute:285 - Connection can be kept alive indefinitely
16:47:19,824 DEBUG main PoolingHttpClientConnectionManager:releaseConnection:341 - Connection [id: 3][route: {s}->https://api.vk.com:443] can be kept alive indefinitely
16:47:19,825 DEBUG main DefaultManagedHttpClientConnection:setSocketTimeout:88 - http-outgoing-3: set socket timeout to 0
16:47:19,826 DEBUG main PoolingHttpClientConnectionManager:releaseConnection:348 - Connection released: [id: 3][route: {s}->https://api.vk.com:443][total kept alive: 1; route allocated: 1 of 2; total allocated: 1 of 20]
16:47:19,830 DEBUG main RequestAddCookies:process:123 - CookieSpec selected: default
16:47:19,830 DEBUG main RequestAuthCache:process:77 - Auth cache not set in the context
16:47:19,832 DEBUG main PoolingHttpClientConnectionManager:requestConnection:265 - Connection request: [route: {s}->https://api.vk.com:443][total kept alive: 0; route allocated: 0 of 2; total allocated: 0 of 20]
16:47:19,833 DEBUG main PoolingHttpClientConnectionManager:leaseConnection:309 - Connection leased: [id: 4][route: {s}->https://api.vk.com:443][total kept alive: 0; route allocated: 1 of 2; total allocated: 1 of 20]
16:47:19,834 DEBUG main MainClientExec:execute:235 - Opening connection {s}->https://api.vk.com:443
16:47:19,836 DEBUG main DefaultHttpClientConnectionOperator:connect:139 - Connecting to api.vk.com/87.240.137.206:443
16:47:19,836 DEBUG main SSLConnectionSocketFactory:connectSocket:337 - Connecting socket to api.vk.com/87.240.137.206:443 with timeout 0
16:47:19,895 DEBUG main SSLConnectionSocketFactory:createLayeredSocket:390 - Enabled protocols: [TLSv1.3, TLSv1.2, TLSv1.1, TLSv1]
16:47:19,896 DEBUG main SSLConnectionSocketFactory:createLayeredSocket:391 - Enabled cipher suites:[TLS_AES_128_GCM_SHA256, TLS_AES_256_GCM_SHA384, TLS_CHACHA20_POLY1305_SHA256, TLS_ECDHE_ECDSA_WITH_AES_256_GCM_SHA384, TLS_ECDHE_ECDSA_WITH_AES_128_GCM_SHA256, TLS_ECDHE_ECDSA_WITH_CHACHA20_POLY1305_SHA256, TLS_ECDHE_RSA_WITH_AES_256_GCM_SHA384, TLS_ECDHE_RSA_WITH_CHACHA20_POLY1305_SHA256, TLS_RSA_WITH_AES_256_GCM_SHA384, TLS_ECDH_ECDSA_WITH_AES_256_GCM_SHA384, TLS_ECDH_RSA_WITH_AES_256_GCM_SHA384, TLS_DHE_RSA_WITH_AES_256_GCM_SHA384, TLS_DHE_RSA_WITH_CHACHA20_POLY1305_SHA256, TLS_DHE_DSS_WITH_AES_256_GCM_SHA384, TLS_ECDHE_RSA_WITH_AES_128_GCM_SHA256, TLS_RSA_WITH_AES_128_GCM_SHA256, TLS_ECDH_ECDSA_WITH_AES_128_GCM_SHA256, TLS_ECDH_RSA_WITH_AES_128_GCM_SHA256, TLS_DHE_RSA_WITH_AES_128_GCM_SHA256, TLS_DHE_DSS_WITH_AES_128_GCM_SHA256, TLS_ECDHE_ECDSA_WITH_AES_256_CBC_SHA384, TLS_ECDHE_RSA_WITH_AES_256_CBC_SHA384, TLS_RSA_WITH_AES_256_CBC_SHA256, TLS_ECDH_ECDSA_WITH_AES_256_CBC_SHA384, TLS_ECDH_RSA_WITH_AES_256_CBC_SHA384, TLS_DHE_RSA_WITH_AES_256_CBC_SHA256, TLS_DHE_DSS_WITH_AES_256_CBC_SHA256, TLS_ECDHE_ECDSA_WITH_AES_256_CBC_SHA, TLS_ECDHE_RSA_WITH_AES_256_CBC_SHA, TLS_RSA_WITH_AES_256_CBC_SHA, TLS_ECDH_ECDSA_WITH_AES_256_CBC_SHA, TLS_ECDH_RSA_WITH_AES_256_CBC_SHA, TLS_DHE_RSA_WITH_AES_256_CBC_SHA, TLS_DHE_DSS_WITH_AES_256_CBC_SHA, TLS_ECDHE_ECDSA_WITH_AES_128_CBC_SHA256, TLS_ECDHE_RSA_WITH_AES_128_CBC_SHA256, TLS_RSA_WITH_AES_128_CBC_SHA256, TLS_ECDH_ECDSA_WITH_AES_128_CBC_SHA256, TLS_ECDH_RSA_WITH_AES_128_CBC_SHA256, TLS_DHE_RSA_WITH_AES_128_CBC_SHA256, TLS_DHE_DSS_WITH_AES_128_CBC_SHA256, TLS_ECDHE_ECDSA_WITH_AES_128_CBC_SHA, TLS_ECDHE_RSA_WITH_AES_128_CBC_SHA, TLS_RSA_WITH_AES_128_CBC_SHA, TLS_ECDH_ECDSA_WITH_AES_128_CBC_SHA, TLS_ECDH_RSA_WITH_AES_128_CBC_SHA, TLS_DHE_RSA_WITH_AES_128_CBC_SHA, TLS_DHE_DSS_WITH_AES_128_CBC_SHA, TLS_EMPTY_RENEGOTIATION_INFO_SCSV]
16:47:19,897 DEBUG main SSLConnectionSocketFactory:createLayeredSocket:395 - Starting handshake
16:47:20,052 DEBUG main SSLConnectionSocketFactory:verifyHostname:425 - Secure session established
16:47:20,053 DEBUG main SSLConnectionSocketFactory:verifyHostname:426 -  negotiated protocol: TLSv1.3
16:47:20,054 DEBUG main SSLConnectionSocketFactory:verifyHostname:427 -  negotiated cipher suite: TLS_AES_256_GCM_SHA384
16:47:20,055 DEBUG main SSLConnectionSocketFactory:verifyHostname:435 -  peer principal: CN=api.vk.com, O=V Kontakte LLC, L=Saint-Petersburg, ST=Saint-Petersburg, C=RU
16:47:20,055 DEBUG main SSLConnectionSocketFactory:verifyHostname:444 -  peer alternative names: [api.vk.com]
16:47:20,056 DEBUG main SSLConnectionSocketFactory:verifyHostname:448 -  issuer principal: CN=GlobalSign Organization Validation CA - SHA256 - G2, O=GlobalSign nv-sa, C=BE
16:47:20,061 DEBUG main DefaultHttpClientConnectionOperator:connect:146 - Connection established 192.168.0.114:54871<->87.240.137.206:443
16:47:20,062 DEBUG main MainClientExec:execute:256 - Executing request GET /method/wall.get?access_token=30f2cd1caf08162a27c4b477a3abfeac088d7472753c394fd5f1e0f7af418a70522222b36a00e1ddb4460&owner_id=503105711&v=5.103 HTTP/1.1
16:47:20,062 DEBUG main MainClientExec:execute:261 - Target auth state: UNCHALLENGED
16:47:20,063 DEBUG main MainClientExec:execute:267 - Proxy auth state: UNCHALLENGED
16:47:20,064 DEBUG main headers:onRequestSubmitted:133 - http-outgoing-4 >> GET /method/wall.get?access_token=30f2cd1caf08162a27c4b477a3abfeac088d7472753c394fd5f1e0f7af418a70522222b36a00e1ddb4460&owner_id=503105711&v=5.103 HTTP/1.1
16:47:20,065 DEBUG main headers:onRequestSubmitted:136 - http-outgoing-4 >> Host: api.vk.com
16:47:20,066 DEBUG main headers:onRequestSubmitted:136 - http-outgoing-4 >> Connection: Keep-Alive
16:47:20,067 DEBUG main headers:onRequestSubmitted:136 - http-outgoing-4 >> User-Agent: Apache-HttpClient/4.5.6 (Java/12.0.1)
16:47:20,070 DEBUG main headers:onRequestSubmitted:136 - http-outgoing-4 >> Accept-Encoding: gzip,deflate
16:47:20,072 DEBUG main wire:wire:73 - http-outgoing-4 >> "GET /method/wall.get?access_token=30f2cd1caf08162a27c4b477a3abfeac088d7472753c394fd5f1e0f7af418a70522222b36a00e1ddb4460&owner_id=503105711&v=5.103 HTTP/1.1[\r][\n]"
16:47:20,073 DEBUG main wire:wire:73 - http-outgoing-4 >> "Host: api.vk.com[\r][\n]"
16:47:20,075 DEBUG main wire:wire:73 - http-outgoing-4 >> "Connection: Keep-Alive[\r][\n]"
16:47:20,080 DEBUG main wire:wire:73 - http-outgoing-4 >> "User-Agent: Apache-HttpClient/4.5.6 (Java/12.0.1)[\r][\n]"
16:47:20,080 DEBUG main wire:wire:73 - http-outgoing-4 >> "Accept-Encoding: gzip,deflate[\r][\n]"
16:47:20,081 DEBUG main wire:wire:73 - http-outgoing-4 >> "[\r][\n]"
16:47:20,275 DEBUG main wire:wire:73 - http-outgoing-4 << "HTTP/1.1 200 OK[\r][\n]"
16:47:20,276 DEBUG main wire:wire:73 - http-outgoing-4 << "Server: VK[\r][\n]"
16:47:20,288 DEBUG main wire:wire:73 - http-outgoing-4 << "Date: Wed, 08 Jan 2020 13:47:20 GMT[\r][\n]"
16:47:20,295 DEBUG main wire:wire:73 - http-outgoing-4 << "Content-Type: application/json; charset=utf-8[\r][\n]"
16:47:20,297 DEBUG main wire:wire:73 - http-outgoing-4 << "Content-Length: 549[\r][\n]"
16:47:20,298 DEBUG main wire:wire:73 - http-outgoing-4 << "Connection: keep-alive[\r][\n]"
16:47:20,309 DEBUG main wire:wire:73 - http-outgoing-4 << "X-Powered-By: PHP/3.22587[\r][\n]"
16:47:20,310 DEBUG main wire:wire:73 - http-outgoing-4 << "Cache-control: no-store[\r][\n]"
16:47:20,311 DEBUG main wire:wire:73 - http-outgoing-4 << "Content-Encoding: gzip[\r][\n]"
16:47:20,312 DEBUG main wire:wire:73 - http-outgoing-4 << "Strict-Transport-Security: max-age=86400[\r][\n]"
16:47:20,312 DEBUG main wire:wire:73 - http-outgoing-4 << "[\r][\n]"
16:47:20,314 DEBUG main wire:wire:73 - http-outgoing-4 << "[0x1f][0x8b][0x8][0x0][0x0][0x0][0x0][0x0][0x0][0x3][0xed][0x99][0xc1][0x8e][0x9b]0[0x10][0x86]_[0xa5][0xf2][0x99][0x83]M[0xb0]1y[0x81]>[0xc4][0xaa][0x8a](8[0xbb]V[0x1]#[0x1b][0xb2][0xad]"[0xde][0xbd]6[0x10][0x88]V[0x95][0x12][0xcd].[0xf4]27<[0x86][0xb1]g>[0xfe][0xc1][0x99]\[0x89]U[0xae]5[0x8d]S[0xe4]x%[0x85][0xe9][0x9b][0x8e][0x1c]%[0x8d][0x88][0xee]T[0xed][0xc8][0xf1][0xe5]JtI[0x8e][0x8c][0xa5][0x11]9[S[0x9f][0xc2][0x88][0xd3][0x3][0xa3]<e,"[0xe6][0xbd]Q[0xf6][0xa3][0xb1][0xcc];[0xef][0x8e][0xf1]T&[0x19][0x8b][0xf]YDZ[0xe3][0xba]S[0xf7][0xa7][0xf5][0xe6][0xf1][0x9a]D[0xa4]S[0xbf][0xfd]R[0xe4][0xbb]1[0xe5][0xb7][0xda][0xd8]F7[0xaf][0xde]Z[0xe4][0xcd]I[0x95][0xda][0xcf][0xb0]iP[0xaa]J[0x8d][0xde][0xa6]a[0xab][0x9b][0xe5]:[0xb7][0xc5][0x9b][0xbe][0xf8][0xb9][0xce][0xf6][0xca][0xef][0xd8][0xdd],~7[0xe7][0xbc]rj^[0xd7][0x99][0xde][0x16]c|[0xf3][0xe][0xf2]V[0x93][0xc1][0xfb]0u[0xad][0x9a][0xce][0xdd]EN[0xe7]U[0xc2][0x16][0xc3]2[0xaf][0xd6][0xf4][0xad];[0xad][0xb6]i[0xa9]0.*[0x13][0x92][0xc6][0xbc][0xa3]J[0xff]R[0x1f][0xbc][0xf4][0xce][0xa7]e[0xb6][0xcf]N[0xc3]h[0x8d][0xa3][0xff]Yi[0xf7]6=oUp[0xfe]/[0xf][0xd3]L[0x8][0x88][0xe]c[0x84][0xe7][0xfc]b[0xac][0xe][0x9][0x99]#[0xc][0xc9][\n]"
16:47:20,315 DEBUG main wire:wire:73 - http-outgoing-4 << "[0xf3][0xb7]l'[0xfe][0xc6][0x1b]3[0x1]g&[0x1f]2S[0x17][0x85][0xcc] [0xcc]V>[0x1c][0xca][0x87][0xa6][0x8f]5[0x85]|>[0xcd][0xe7][0x0][0xe4]CS[0x91]b[0xcd][0xdb][0xab][0xe6][0xf9]l[0xcb][0x95]Y[0xc]g&PS[0xdb]k[0x8a]A[0xf9]p[0xac]y;[0xf0][0xa1][0x9][0x8c][0x8f][0x14]\p[0xac]y_[0xc3][0xe7][0xa2][0xd5][0xfb][0xfd]][0xec][0x99]:8[0x12]X9[0x2][0xeb][0xa0][0x14]Ix[0x5][0x90][0xe3][0x16][0x1c][0xe3][0xe7]8&[0xf4][0x8e]#[0xb0]^[0x6]/[0x7][0xac][0x97][[0xd7][0xcb],[0x83][0xe2]aO[0xe0]A[0x99]mY.=[0x81][0x5][0xa3][0x84]b[0xa4][0x19]E[0x95]m[0xae]2`#CrI[0x1f][0x1f][0xea]Qe_[0xf3]Cl[0xcc][0xf6][0x82][0xc][0xd8][0xdb][0x8]N[0x1e][0x9f]#QQ[0x9f]U[0x14][0xb0][0xb5]!y"[0xf0][0xbb][0xb5][0x9f][0xa2][0x12][0x91],[0xc8][0xa0]'z[0xef]$FEm[0xae]([\n]"
16:47:20,316 DEBUG main wire:wire:87 - http-outgoing-4 << "[0xc4][0x13][0xb3][0xc][0x15][0xf5]_O[0x82][0x81][0xc0][\r][0xa3][0x84][0x1e][0xe8][0xbd][0x13]T[0xd9][0xe6]*[0x93][0xc0][0xbf]!e[0xb0][0xa1][0xca][0xf6][0xfa]n[0xf9]l/-y[0x9]=[0xbc]{[0x1b]v[0xe4][0xb7]W[0x14][0xb0][0xe1][0x9b]J[0x9e]a[0xc3]w/E[0x85]l[0x8b][0xe1][0xc7]0[0xfc][0x5]P^~L[0xb0]![0x0][0x0]"
16:47:20,326 DEBUG main headers:onResponseReceived:122 - http-outgoing-4 << HTTP/1.1 200 OK
16:47:20,327 DEBUG main headers:onResponseReceived:125 - http-outgoing-4 << Server: VK
16:47:20,328 DEBUG main headers:onResponseReceived:125 - http-outgoing-4 << Date: Wed, 08 Jan 2020 13:47:20 GMT
16:47:20,328 DEBUG main headers:onResponseReceived:125 - http-outgoing-4 << Content-Type: application/json; charset=utf-8
16:47:20,329 DEBUG main headers:onResponseReceived:125 - http-outgoing-4 << Content-Length: 549
16:47:20,330 DEBUG main headers:onResponseReceived:125 - http-outgoing-4 << Connection: keep-alive
16:47:20,331 DEBUG main headers:onResponseReceived:125 - http-outgoing-4 << X-Powered-By: PHP/3.22587
16:47:20,333 DEBUG main headers:onResponseReceived:125 - http-outgoing-4 << Cache-control: no-store
16:47:20,336 DEBUG main headers:onResponseReceived:125 - http-outgoing-4 << Content-Encoding: gzip
16:47:20,337 DEBUG main headers:onResponseReceived:125 - http-outgoing-4 << Strict-Transport-Security: max-age=86400
16:47:20,338 DEBUG main MainClientExec:execute:285 - Connection can be kept alive indefinitely
16:47:20,339 DEBUG main PoolingHttpClientConnectionManager:releaseConnection:341 - Connection [id: 4][route: {s}->https://api.vk.com:443] can be kept alive indefinitely
16:47:20,340 DEBUG main DefaultManagedHttpClientConnection:setSocketTimeout:88 - http-outgoing-4: set socket timeout to 0
16:47:20,346 DEBUG main PoolingHttpClientConnectionManager:releaseConnection:348 - Connection released: [id: 4][route: {s}->https://api.vk.com:443][total kept alive: 1; route allocated: 1 of 2; total allocated: 1 of 20]
16:47:20,365 DEBUG main CompiledPath:evaluate:47 - Evaluating path: $['response']['items']
16:47:20,367 DEBUG main CompiledPath:evaluate:47 - Evaluating path: $['id']
16:47:20,369 DEBUG main CompiledPath:evaluate:47 - Evaluating path: $['text']
16:47:20,383 DEBUG main RequestAddCookies:process:123 - CookieSpec selected: default
16:47:20,384 DEBUG main RequestAuthCache:process:77 - Auth cache not set in the context
16:47:20,386 DEBUG main PoolingHttpClientConnectionManager:requestConnection:265 - Connection request: [route: {s}->https://api.vk.com:443][total kept alive: 0; route allocated: 0 of 2; total allocated: 0 of 20]
16:47:20,387 DEBUG main PoolingHttpClientConnectionManager:leaseConnection:309 - Connection leased: [id: 5][route: {s}->https://api.vk.com:443][total kept alive: 0; route allocated: 1 of 2; total allocated: 1 of 20]
16:47:20,388 DEBUG main MainClientExec:execute:235 - Opening connection {s}->https://api.vk.com:443
16:47:20,389 DEBUG main DefaultHttpClientConnectionOperator:connect:139 - Connecting to api.vk.com/87.240.137.206:443
16:47:20,389 DEBUG main SSLConnectionSocketFactory:connectSocket:337 - Connecting socket to api.vk.com/87.240.137.206:443 with timeout 0
16:47:20,464 DEBUG main SSLConnectionSocketFactory:createLayeredSocket:390 - Enabled protocols: [TLSv1.3, TLSv1.2, TLSv1.1, TLSv1]
16:47:20,465 DEBUG main SSLConnectionSocketFactory:createLayeredSocket:391 - Enabled cipher suites:[TLS_AES_128_GCM_SHA256, TLS_AES_256_GCM_SHA384, TLS_CHACHA20_POLY1305_SHA256, TLS_ECDHE_ECDSA_WITH_AES_256_GCM_SHA384, TLS_ECDHE_ECDSA_WITH_AES_128_GCM_SHA256, TLS_ECDHE_ECDSA_WITH_CHACHA20_POLY1305_SHA256, TLS_ECDHE_RSA_WITH_AES_256_GCM_SHA384, TLS_ECDHE_RSA_WITH_CHACHA20_POLY1305_SHA256, TLS_RSA_WITH_AES_256_GCM_SHA384, TLS_ECDH_ECDSA_WITH_AES_256_GCM_SHA384, TLS_ECDH_RSA_WITH_AES_256_GCM_SHA384, TLS_DHE_RSA_WITH_AES_256_GCM_SHA384, TLS_DHE_RSA_WITH_CHACHA20_POLY1305_SHA256, TLS_DHE_DSS_WITH_AES_256_GCM_SHA384, TLS_ECDHE_RSA_WITH_AES_128_GCM_SHA256, TLS_RSA_WITH_AES_128_GCM_SHA256, TLS_ECDH_ECDSA_WITH_AES_128_GCM_SHA256, TLS_ECDH_RSA_WITH_AES_128_GCM_SHA256, TLS_DHE_RSA_WITH_AES_128_GCM_SHA256, TLS_DHE_DSS_WITH_AES_128_GCM_SHA256, TLS_ECDHE_ECDSA_WITH_AES_256_CBC_SHA384, TLS_ECDHE_RSA_WITH_AES_256_CBC_SHA384, TLS_RSA_WITH_AES_256_CBC_SHA256, TLS_ECDH_ECDSA_WITH_AES_256_CBC_SHA384, TLS_ECDH_RSA_WITH_AES_256_CBC_SHA384, TLS_DHE_RSA_WITH_AES_256_CBC_SHA256, TLS_DHE_DSS_WITH_AES_256_CBC_SHA256, TLS_ECDHE_ECDSA_WITH_AES_256_CBC_SHA, TLS_ECDHE_RSA_WITH_AES_256_CBC_SHA, TLS_RSA_WITH_AES_256_CBC_SHA, TLS_ECDH_ECDSA_WITH_AES_256_CBC_SHA, TLS_ECDH_RSA_WITH_AES_256_CBC_SHA, TLS_DHE_RSA_WITH_AES_256_CBC_SHA, TLS_DHE_DSS_WITH_AES_256_CBC_SHA, TLS_ECDHE_ECDSA_WITH_AES_128_CBC_SHA256, TLS_ECDHE_RSA_WITH_AES_128_CBC_SHA256, TLS_RSA_WITH_AES_128_CBC_SHA256, TLS_ECDH_ECDSA_WITH_AES_128_CBC_SHA256, TLS_ECDH_RSA_WITH_AES_128_CBC_SHA256, TLS_DHE_RSA_WITH_AES_128_CBC_SHA256, TLS_DHE_DSS_WITH_AES_128_CBC_SHA256, TLS_ECDHE_ECDSA_WITH_AES_128_CBC_SHA, TLS_ECDHE_RSA_WITH_AES_128_CBC_SHA, TLS_RSA_WITH_AES_128_CBC_SHA, TLS_ECDH_ECDSA_WITH_AES_128_CBC_SHA, TLS_ECDH_RSA_WITH_AES_128_CBC_SHA, TLS_DHE_RSA_WITH_AES_128_CBC_SHA, TLS_DHE_DSS_WITH_AES_128_CBC_SHA, TLS_EMPTY_RENEGOTIATION_INFO_SCSV]
16:47:20,467 DEBUG main SSLConnectionSocketFactory:createLayeredSocket:395 - Starting handshake
16:47:20,623 DEBUG main SSLConnectionSocketFactory:verifyHostname:425 - Secure session established
16:47:20,624 DEBUG main SSLConnectionSocketFactory:verifyHostname:426 -  negotiated protocol: TLSv1.3
16:47:20,625 DEBUG main SSLConnectionSocketFactory:verifyHostname:427 -  negotiated cipher suite: TLS_AES_256_GCM_SHA384
16:47:20,625 DEBUG main SSLConnectionSocketFactory:verifyHostname:435 -  peer principal: CN=api.vk.com, O=V Kontakte LLC, L=Saint-Petersburg, ST=Saint-Petersburg, C=RU
16:47:20,626 DEBUG main SSLConnectionSocketFactory:verifyHostname:444 -  peer alternative names: [api.vk.com]
16:47:20,626 DEBUG main SSLConnectionSocketFactory:verifyHostname:448 -  issuer principal: CN=GlobalSign Organization Validation CA - SHA256 - G2, O=GlobalSign nv-sa, C=BE
16:47:20,627 DEBUG main DefaultHttpClientConnectionOperator:connect:146 - Connection established 192.168.0.114:54872<->87.240.137.206:443
16:47:20,629 DEBUG main MainClientExec:execute:256 - Executing request GET /method/wall.post?access_token=30f2cd1caf08162a27c4b477a3abfeac088d7472753c394fd5f1e0f7af418a70522222b36a00e1ddb4460&owner_id=503105711&message=Good+evening&v=5.103 HTTP/1.1
16:47:20,630 DEBUG main MainClientExec:execute:261 - Target auth state: UNCHALLENGED
16:47:20,631 DEBUG main MainClientExec:execute:267 - Proxy auth state: UNCHALLENGED
16:47:20,632 DEBUG main headers:onRequestSubmitted:133 - http-outgoing-5 >> GET /method/wall.post?access_token=30f2cd1caf08162a27c4b477a3abfeac088d7472753c394fd5f1e0f7af418a70522222b36a00e1ddb4460&owner_id=503105711&message=Good+evening&v=5.103 HTTP/1.1
16:47:20,633 DEBUG main headers:onRequestSubmitted:136 - http-outgoing-5 >> Host: api.vk.com
16:47:20,634 DEBUG main headers:onRequestSubmitted:136 - http-outgoing-5 >> Connection: Keep-Alive
16:47:20,634 DEBUG main headers:onRequestSubmitted:136 - http-outgoing-5 >> User-Agent: Apache-HttpClient/4.5.6 (Java/12.0.1)
16:47:20,635 DEBUG main headers:onRequestSubmitted:136 - http-outgoing-5 >> Accept-Encoding: gzip,deflate
16:47:20,637 DEBUG main wire:wire:73 - http-outgoing-5 >> "GET /method/wall.post?access_token=30f2cd1caf08162a27c4b477a3abfeac088d7472753c394fd5f1e0f7af418a70522222b36a00e1ddb4460&owner_id=503105711&message=Good+evening&v=5.103 HTTP/1.1[\r][\n]"
16:47:20,638 DEBUG main wire:wire:73 - http-outgoing-5 >> "Host: api.vk.com[\r][\n]"
16:47:20,651 DEBUG main wire:wire:73 - http-outgoing-5 >> "Connection: Keep-Alive[\r][\n]"
16:47:20,665 DEBUG main wire:wire:73 - http-outgoing-5 >> "User-Agent: Apache-HttpClient/4.5.6 (Java/12.0.1)[\r][\n]"
16:47:20,667 DEBUG main wire:wire:73 - http-outgoing-5 >> "Accept-Encoding: gzip,deflate[\r][\n]"
16:47:20,669 DEBUG main wire:wire:73 - http-outgoing-5 >> "[\r][\n]"
16:47:20,822 DEBUG main wire:wire:73 - http-outgoing-5 << "HTTP/1.1 200 OK[\r][\n]"
16:47:20,824 DEBUG main wire:wire:73 - http-outgoing-5 << "Server: VK[\r][\n]"
16:47:20,825 DEBUG main wire:wire:73 - http-outgoing-5 << "Date: Wed, 08 Jan 2020 13:47:21 GMT[\r][\n]"
16:47:20,827 DEBUG main wire:wire:73 - http-outgoing-5 << "Content-Type: application/json; charset=utf-8[\r][\n]"
16:47:20,828 DEBUG main wire:wire:73 - http-outgoing-5 << "Content-Length: 48[\r][\n]"
16:47:20,830 DEBUG main wire:wire:73 - http-outgoing-5 << "Connection: keep-alive[\r][\n]"
16:47:20,831 DEBUG main wire:wire:73 - http-outgoing-5 << "X-Powered-By: PHP/3.22587[\r][\n]"
16:47:20,833 DEBUG main wire:wire:73 - http-outgoing-5 << "Cache-control: no-store[\r][\n]"
16:47:20,835 DEBUG main wire:wire:73 - http-outgoing-5 << "Content-Encoding: gzip[\r][\n]"
16:47:20,837 DEBUG main wire:wire:73 - http-outgoing-5 << "Strict-Transport-Security: max-age=86400[\r][\n]"
16:47:20,839 DEBUG main wire:wire:73 - http-outgoing-5 << "[\r][\n]"
16:47:20,840 DEBUG main wire:wire:87 - http-outgoing-5 << "[0x1f][0x8b][0x8][0x0][0x0][0x0][0x0][0x0][0x0][0x3][0xab]V*J-.[0xc8][0xcf]+NU[0xb2][0xaa]V*[0xc8]/.[0x89][0xcf]LQ[0xb2]24[0xb4][0xa8][0xad][0x5][0x0][0x84][0xe][0xe8][0x9e][0x1c][0x0][0x0][0x0]"
16:47:20,842 DEBUG main headers:onResponseReceived:122 - http-outgoing-5 << HTTP/1.1 200 OK
16:47:20,844 DEBUG main headers:onResponseReceived:125 - http-outgoing-5 << Server: VK
16:47:20,845 DEBUG main headers:onResponseReceived:125 - http-outgoing-5 << Date: Wed, 08 Jan 2020 13:47:21 GMT
16:47:20,846 DEBUG main headers:onResponseReceived:125 - http-outgoing-5 << Content-Type: application/json; charset=utf-8
16:47:20,847 DEBUG main headers:onResponseReceived:125 - http-outgoing-5 << Content-Length: 48
16:47:20,848 DEBUG main headers:onResponseReceived:125 - http-outgoing-5 << Connection: keep-alive
16:47:20,849 DEBUG main headers:onResponseReceived:125 - http-outgoing-5 << X-Powered-By: PHP/3.22587
16:47:20,850 DEBUG main headers:onResponseReceived:125 - http-outgoing-5 << Cache-control: no-store
16:47:20,851 DEBUG main headers:onResponseReceived:125 - http-outgoing-5 << Content-Encoding: gzip
16:47:20,852 DEBUG main headers:onResponseReceived:125 - http-outgoing-5 << Strict-Transport-Security: max-age=86400
16:47:20,853 DEBUG main MainClientExec:execute:285 - Connection can be kept alive indefinitely
16:47:20,855 DEBUG main PoolingHttpClientConnectionManager:releaseConnection:341 - Connection [id: 5][route: {s}->https://api.vk.com:443] can be kept alive indefinitely
16:47:20,856 DEBUG main DefaultManagedHttpClientConnection:setSocketTimeout:88 - http-outgoing-5: set socket timeout to 0
16:47:20,857 DEBUG main PoolingHttpClientConnectionManager:releaseConnection:348 - Connection released: [id: 5][route: {s}->https://api.vk.com:443][total kept alive: 1; route allocated: 1 of 2; total allocated: 1 of 20]
16:47:20,866 DEBUG main RequestAddCookies:process:123 - CookieSpec selected: default
16:47:20,866 DEBUG main RequestAuthCache:process:77 - Auth cache not set in the context
16:47:20,867 DEBUG main PoolingHttpClientConnectionManager:requestConnection:265 - Connection request: [route: {s}->https://api.vk.com:443][total kept alive: 0; route allocated: 0 of 2; total allocated: 0 of 20]
16:47:20,868 DEBUG main PoolingHttpClientConnectionManager:leaseConnection:309 - Connection leased: [id: 6][route: {s}->https://api.vk.com:443][total kept alive: 0; route allocated: 1 of 2; total allocated: 1 of 20]
16:47:20,869 DEBUG main MainClientExec:execute:235 - Opening connection {s}->https://api.vk.com:443
16:47:20,870 DEBUG main DefaultHttpClientConnectionOperator:connect:139 - Connecting to api.vk.com/87.240.137.206:443
16:47:20,870 DEBUG main SSLConnectionSocketFactory:connectSocket:337 - Connecting socket to api.vk.com/87.240.137.206:443 with timeout 0
16:47:20,923 DEBUG main SSLConnectionSocketFactory:createLayeredSocket:390 - Enabled protocols: [TLSv1.3, TLSv1.2, TLSv1.1, TLSv1]
16:47:20,924 DEBUG main SSLConnectionSocketFactory:createLayeredSocket:391 - Enabled cipher suites:[TLS_AES_128_GCM_SHA256, TLS_AES_256_GCM_SHA384, TLS_CHACHA20_POLY1305_SHA256, TLS_ECDHE_ECDSA_WITH_AES_256_GCM_SHA384, TLS_ECDHE_ECDSA_WITH_AES_128_GCM_SHA256, TLS_ECDHE_ECDSA_WITH_CHACHA20_POLY1305_SHA256, TLS_ECDHE_RSA_WITH_AES_256_GCM_SHA384, TLS_ECDHE_RSA_WITH_CHACHA20_POLY1305_SHA256, TLS_RSA_WITH_AES_256_GCM_SHA384, TLS_ECDH_ECDSA_WITH_AES_256_GCM_SHA384, TLS_ECDH_RSA_WITH_AES_256_GCM_SHA384, TLS_DHE_RSA_WITH_AES_256_GCM_SHA384, TLS_DHE_RSA_WITH_CHACHA20_POLY1305_SHA256, TLS_DHE_DSS_WITH_AES_256_GCM_SHA384, TLS_ECDHE_RSA_WITH_AES_128_GCM_SHA256, TLS_RSA_WITH_AES_128_GCM_SHA256, TLS_ECDH_ECDSA_WITH_AES_128_GCM_SHA256, TLS_ECDH_RSA_WITH_AES_128_GCM_SHA256, TLS_DHE_RSA_WITH_AES_128_GCM_SHA256, TLS_DHE_DSS_WITH_AES_128_GCM_SHA256, TLS_ECDHE_ECDSA_WITH_AES_256_CBC_SHA384, TLS_ECDHE_RSA_WITH_AES_256_CBC_SHA384, TLS_RSA_WITH_AES_256_CBC_SHA256, TLS_ECDH_ECDSA_WITH_AES_256_CBC_SHA384, TLS_ECDH_RSA_WITH_AES_256_CBC_SHA384, TLS_DHE_RSA_WITH_AES_256_CBC_SHA256, TLS_DHE_DSS_WITH_AES_256_CBC_SHA256, TLS_ECDHE_ECDSA_WITH_AES_256_CBC_SHA, TLS_ECDHE_RSA_WITH_AES_256_CBC_SHA, TLS_RSA_WITH_AES_256_CBC_SHA, TLS_ECDH_ECDSA_WITH_AES_256_CBC_SHA, TLS_ECDH_RSA_WITH_AES_256_CBC_SHA, TLS_DHE_RSA_WITH_AES_256_CBC_SHA, TLS_DHE_DSS_WITH_AES_256_CBC_SHA, TLS_ECDHE_ECDSA_WITH_AES_128_CBC_SHA256, TLS_ECDHE_RSA_WITH_AES_128_CBC_SHA256, TLS_RSA_WITH_AES_128_CBC_SHA256, TLS_ECDH_ECDSA_WITH_AES_128_CBC_SHA256, TLS_ECDH_RSA_WITH_AES_128_CBC_SHA256, TLS_DHE_RSA_WITH_AES_128_CBC_SHA256, TLS_DHE_DSS_WITH_AES_128_CBC_SHA256, TLS_ECDHE_ECDSA_WITH_AES_128_CBC_SHA, TLS_ECDHE_RSA_WITH_AES_128_CBC_SHA, TLS_RSA_WITH_AES_128_CBC_SHA, TLS_ECDH_ECDSA_WITH_AES_128_CBC_SHA, TLS_ECDH_RSA_WITH_AES_128_CBC_SHA, TLS_DHE_RSA_WITH_AES_128_CBC_SHA, TLS_DHE_DSS_WITH_AES_128_CBC_SHA, TLS_EMPTY_RENEGOTIATION_INFO_SCSV]
16:47:20,925 DEBUG main SSLConnectionSocketFactory:createLayeredSocket:395 - Starting handshake
16:47:21,052 DEBUG main SSLConnectionSocketFactory:verifyHostname:425 - Secure session established
16:47:21,053 DEBUG main SSLConnectionSocketFactory:verifyHostname:426 -  negotiated protocol: TLSv1.3
16:47:21,054 DEBUG main SSLConnectionSocketFactory:verifyHostname:427 -  negotiated cipher suite: TLS_AES_256_GCM_SHA384
16:47:21,055 DEBUG main SSLConnectionSocketFactory:verifyHostname:435 -  peer principal: CN=api.vk.com, O=V Kontakte LLC, L=Saint-Petersburg, ST=Saint-Petersburg, C=RU
16:47:21,056 DEBUG main SSLConnectionSocketFactory:verifyHostname:444 -  peer alternative names: [api.vk.com]
16:47:21,057 DEBUG main SSLConnectionSocketFactory:verifyHostname:448 -  issuer principal: CN=GlobalSign Organization Validation CA - SHA256 - G2, O=GlobalSign nv-sa, C=BE
16:47:21,058 DEBUG main DefaultHttpClientConnectionOperator:connect:146 - Connection established 192.168.0.114:54873<->87.240.137.206:443
16:47:21,061 DEBUG main MainClientExec:execute:256 - Executing request GET /method/wall.delete?access_token=30f2cd1caf08162a27c4b477a3abfeac088d7472753c394fd5f1e0f7af418a70522222b36a00e1ddb4460&owner_id=503105711&v=5.103&post_id=118 HTTP/1.1
16:47:21,062 DEBUG main MainClientExec:execute:261 - Target auth state: UNCHALLENGED
16:47:21,062 DEBUG main MainClientExec:execute:267 - Proxy auth state: UNCHALLENGED
16:47:21,063 DEBUG main headers:onRequestSubmitted:133 - http-outgoing-6 >> GET /method/wall.delete?access_token=30f2cd1caf08162a27c4b477a3abfeac088d7472753c394fd5f1e0f7af418a70522222b36a00e1ddb4460&owner_id=503105711&v=5.103&post_id=118 HTTP/1.1
16:47:21,064 DEBUG main headers:onRequestSubmitted:136 - http-outgoing-6 >> Host: api.vk.com
16:47:21,064 DEBUG main headers:onRequestSubmitted:136 - http-outgoing-6 >> Connection: Keep-Alive
16:47:21,065 DEBUG main headers:onRequestSubmitted:136 - http-outgoing-6 >> User-Agent: Apache-HttpClient/4.5.6 (Java/12.0.1)
16:47:21,065 DEBUG main headers:onRequestSubmitted:136 - http-outgoing-6 >> Accept-Encoding: gzip,deflate
16:47:21,066 DEBUG main wire:wire:73 - http-outgoing-6 >> "GET /method/wall.delete?access_token=30f2cd1caf08162a27c4b477a3abfeac088d7472753c394fd5f1e0f7af418a70522222b36a00e1ddb4460&owner_id=503105711&v=5.103&post_id=118 HTTP/1.1[\r][\n]"
16:47:21,077 DEBUG main wire:wire:73 - http-outgoing-6 >> "Host: api.vk.com[\r][\n]"
16:47:21,078 DEBUG main wire:wire:73 - http-outgoing-6 >> "Connection: Keep-Alive[\r][\n]"
16:47:21,078 DEBUG main wire:wire:73 - http-outgoing-6 >> "User-Agent: Apache-HttpClient/4.5.6 (Java/12.0.1)[\r][\n]"
16:47:21,079 DEBUG main wire:wire:73 - http-outgoing-6 >> "Accept-Encoding: gzip,deflate[\r][\n]"
16:47:21,081 DEBUG main wire:wire:73 - http-outgoing-6 >> "[\r][\n]"
16:47:21,219 DEBUG main wire:wire:73 - http-outgoing-6 << "HTTP/1.1 200 OK[\r][\n]"
16:47:21,222 DEBUG main wire:wire:73 - http-outgoing-6 << "Server: VK[\r][\n]"
16:47:21,223 DEBUG main wire:wire:73 - http-outgoing-6 << "Date: Wed, 08 Jan 2020 13:47:21 GMT[\r][\n]"
16:47:21,224 DEBUG main wire:wire:73 - http-outgoing-6 << "Content-Type: application/json; charset=utf-8[\r][\n]"
16:47:21,225 DEBUG main wire:wire:73 - http-outgoing-6 << "Content-Length: 34[\r][\n]"
16:47:21,226 DEBUG main wire:wire:73 - http-outgoing-6 << "Connection: keep-alive[\r][\n]"
16:47:21,226 DEBUG main wire:wire:73 - http-outgoing-6 << "X-Powered-By: PHP/3.22587[\r][\n]"
16:47:21,227 DEBUG main wire:wire:73 - http-outgoing-6 << "Cache-control: no-store[\r][\n]"
16:47:21,228 DEBUG main wire:wire:73 - http-outgoing-6 << "Content-Encoding: gzip[\r][\n]"
16:47:21,232 DEBUG main wire:wire:73 - http-outgoing-6 << "Strict-Transport-Security: max-age=86400[\r][\n]"
16:47:21,234 DEBUG main wire:wire:73 - http-outgoing-6 << "[\r][\n]"
16:47:21,235 DEBUG main wire:wire:87 - http-outgoing-6 << "[0x1f][0x8b][0x8][0x0][0x0][0x0][0x0][0x0][0x0][0x3][0xab]V*J-.[0xc8][0xcf]+NU[0xb2]2[0xac][0x5][0x0][0xb3][0xd8][0xe9]f[0xe][0x0][0x0][0x0]"
16:47:21,238 DEBUG main headers:onResponseReceived:122 - http-outgoing-6 << HTTP/1.1 200 OK
16:47:21,239 DEBUG main headers:onResponseReceived:125 - http-outgoing-6 << Server: VK
16:47:21,239 DEBUG main headers:onResponseReceived:125 - http-outgoing-6 << Date: Wed, 08 Jan 2020 13:47:21 GMT
16:47:21,240 DEBUG main headers:onResponseReceived:125 - http-outgoing-6 << Content-Type: application/json; charset=utf-8
16:47:21,242 DEBUG main headers:onResponseReceived:125 - http-outgoing-6 << Content-Length: 34
16:47:21,243 DEBUG main headers:onResponseReceived:125 - http-outgoing-6 << Connection: keep-alive
16:47:21,244 DEBUG main headers:onResponseReceived:125 - http-outgoing-6 << X-Powered-By: PHP/3.22587
16:47:21,244 DEBUG main headers:onResponseReceived:125 - http-outgoing-6 << Cache-control: no-store
16:47:21,245 DEBUG main headers:onResponseReceived:125 - http-outgoing-6 << Content-Encoding: gzip
16:47:21,245 DEBUG main headers:onResponseReceived:125 - http-outgoing-6 << Strict-Transport-Security: max-age=86400
16:47:21,246 DEBUG main MainClientExec:execute:285 - Connection can be kept alive indefinitely
16:47:21,247 DEBUG main PoolingHttpClientConnectionManager:releaseConnection:341 - Connection [id: 6][route: {s}->https://api.vk.com:443] can be kept alive indefinitely
16:47:21,248 DEBUG main DefaultManagedHttpClientConnection:setSocketTimeout:88 - http-outgoing-6: set socket timeout to 0
16:47:21,249 DEBUG main PoolingHttpClientConnectionManager:releaseConnection:348 - Connection released: [id: 6][route: {s}->https://api.vk.com:443][total kept alive: 1; route allocated: 1 of 2; total allocated: 1 of 20]
16:47:21,263 DEBUG main RequestAddCookies:process:123 - CookieSpec selected: default
16:47:21,264 DEBUG main RequestAuthCache:process:77 - Auth cache not set in the context
16:47:21,265 DEBUG main PoolingHttpClientConnectionManager:requestConnection:265 - Connection request: [route: {s}->https://api.vk.com:443][total kept alive: 0; route allocated: 0 of 2; total allocated: 0 of 20]
16:47:21,266 DEBUG main PoolingHttpClientConnectionManager:leaseConnection:309 - Connection leased: [id: 7][route: {s}->https://api.vk.com:443][total kept alive: 0; route allocated: 1 of 2; total allocated: 1 of 20]
16:47:21,267 DEBUG main MainClientExec:execute:235 - Opening connection {s}->https://api.vk.com:443
16:47:21,268 DEBUG main DefaultHttpClientConnectionOperator:connect:139 - Connecting to api.vk.com/87.240.137.206:443
16:47:21,268 DEBUG main SSLConnectionSocketFactory:connectSocket:337 - Connecting socket to api.vk.com/87.240.137.206:443 with timeout 0
16:47:21,330 DEBUG main SSLConnectionSocketFactory:createLayeredSocket:390 - Enabled protocols: [TLSv1.3, TLSv1.2, TLSv1.1, TLSv1]
16:47:21,331 DEBUG main SSLConnectionSocketFactory:createLayeredSocket:391 - Enabled cipher suites:[TLS_AES_128_GCM_SHA256, TLS_AES_256_GCM_SHA384, TLS_CHACHA20_POLY1305_SHA256, TLS_ECDHE_ECDSA_WITH_AES_256_GCM_SHA384, TLS_ECDHE_ECDSA_WITH_AES_128_GCM_SHA256, TLS_ECDHE_ECDSA_WITH_CHACHA20_POLY1305_SHA256, TLS_ECDHE_RSA_WITH_AES_256_GCM_SHA384, TLS_ECDHE_RSA_WITH_CHACHA20_POLY1305_SHA256, TLS_RSA_WITH_AES_256_GCM_SHA384, TLS_ECDH_ECDSA_WITH_AES_256_GCM_SHA384, TLS_ECDH_RSA_WITH_AES_256_GCM_SHA384, TLS_DHE_RSA_WITH_AES_256_GCM_SHA384, TLS_DHE_RSA_WITH_CHACHA20_POLY1305_SHA256, TLS_DHE_DSS_WITH_AES_256_GCM_SHA384, TLS_ECDHE_RSA_WITH_AES_128_GCM_SHA256, TLS_RSA_WITH_AES_128_GCM_SHA256, TLS_ECDH_ECDSA_WITH_AES_128_GCM_SHA256, TLS_ECDH_RSA_WITH_AES_128_GCM_SHA256, TLS_DHE_RSA_WITH_AES_128_GCM_SHA256, TLS_DHE_DSS_WITH_AES_128_GCM_SHA256, TLS_ECDHE_ECDSA_WITH_AES_256_CBC_SHA384, TLS_ECDHE_RSA_WITH_AES_256_CBC_SHA384, TLS_RSA_WITH_AES_256_CBC_SHA256, TLS_ECDH_ECDSA_WITH_AES_256_CBC_SHA384, TLS_ECDH_RSA_WITH_AES_256_CBC_SHA384, TLS_DHE_RSA_WITH_AES_256_CBC_SHA256, TLS_DHE_DSS_WITH_AES_256_CBC_SHA256, TLS_ECDHE_ECDSA_WITH_AES_256_CBC_SHA, TLS_ECDHE_RSA_WITH_AES_256_CBC_SHA, TLS_RSA_WITH_AES_256_CBC_SHA, TLS_ECDH_ECDSA_WITH_AES_256_CBC_SHA, TLS_ECDH_RSA_WITH_AES_256_CBC_SHA, TLS_DHE_RSA_WITH_AES_256_CBC_SHA, TLS_DHE_DSS_WITH_AES_256_CBC_SHA, TLS_ECDHE_ECDSA_WITH_AES_128_CBC_SHA256, TLS_ECDHE_RSA_WITH_AES_128_CBC_SHA256, TLS_RSA_WITH_AES_128_CBC_SHA256, TLS_ECDH_ECDSA_WITH_AES_128_CBC_SHA256, TLS_ECDH_RSA_WITH_AES_128_CBC_SHA256, TLS_DHE_RSA_WITH_AES_128_CBC_SHA256, TLS_DHE_DSS_WITH_AES_128_CBC_SHA256, TLS_ECDHE_ECDSA_WITH_AES_128_CBC_SHA, TLS_ECDHE_RSA_WITH_AES_128_CBC_SHA, TLS_RSA_WITH_AES_128_CBC_SHA, TLS_ECDH_ECDSA_WITH_AES_128_CBC_SHA, TLS_ECDH_RSA_WITH_AES_128_CBC_SHA, TLS_DHE_RSA_WITH_AES_128_CBC_SHA, TLS_DHE_DSS_WITH_AES_128_CBC_SHA, TLS_EMPTY_RENEGOTIATION_INFO_SCSV]
16:47:21,332 DEBUG main SSLConnectionSocketFactory:createLayeredSocket:395 - Starting handshake
16:47:21,418 DEBUG main SSLConnectionSocketFactory:verifyHostname:425 - Secure session established
16:47:21,418 DEBUG main SSLConnectionSocketFactory:verifyHostname:426 -  negotiated protocol: TLSv1.3
16:47:21,419 DEBUG main SSLConnectionSocketFactory:verifyHostname:427 -  negotiated cipher suite: TLS_AES_256_GCM_SHA384
16:47:21,420 DEBUG main SSLConnectionSocketFactory:verifyHostname:435 -  peer principal: CN=api.vk.com, O=V Kontakte LLC, L=Saint-Petersburg, ST=Saint-Petersburg, C=RU
16:47:21,432 DEBUG main SSLConnectionSocketFactory:verifyHostname:444 -  peer alternative names: [api.vk.com]
16:47:21,433 DEBUG main SSLConnectionSocketFactory:verifyHostname:448 -  issuer principal: CN=GlobalSign Organization Validation CA - SHA256 - G2, O=GlobalSign nv-sa, C=BE
16:47:21,435 DEBUG main DefaultHttpClientConnectionOperator:connect:146 - Connection established 192.168.0.114:54874<->87.240.137.206:443
16:47:21,436 DEBUG main MainClientExec:execute:256 - Executing request GET /method/wall.get?access_token=30f2cd1caf08162a27c4b477a3abfeac088d7472753c394fd5f1e0f7af418a70522222b36a00e1ddb4460&owner_id=503105711&v=5.103 HTTP/1.1
16:47:21,437 DEBUG main MainClientExec:execute:261 - Target auth state: UNCHALLENGED
16:47:21,438 DEBUG main MainClientExec:execute:267 - Proxy auth state: UNCHALLENGED
16:47:21,439 DEBUG main headers:onRequestSubmitted:133 - http-outgoing-7 >> GET /method/wall.get?access_token=30f2cd1caf08162a27c4b477a3abfeac088d7472753c394fd5f1e0f7af418a70522222b36a00e1ddb4460&owner_id=503105711&v=5.103 HTTP/1.1
16:47:21,439 DEBUG main headers:onRequestSubmitted:136 - http-outgoing-7 >> Host: api.vk.com
16:47:21,440 DEBUG main headers:onRequestSubmitted:136 - http-outgoing-7 >> Connection: Keep-Alive
16:47:21,440 DEBUG main headers:onRequestSubmitted:136 - http-outgoing-7 >> User-Agent: Apache-HttpClient/4.5.6 (Java/12.0.1)
16:47:21,441 DEBUG main headers:onRequestSubmitted:136 - http-outgoing-7 >> Accept-Encoding: gzip,deflate
16:47:21,441 DEBUG main wire:wire:73 - http-outgoing-7 >> "GET /method/wall.get?access_token=30f2cd1caf08162a27c4b477a3abfeac088d7472753c394fd5f1e0f7af418a70522222b36a00e1ddb4460&owner_id=503105711&v=5.103 HTTP/1.1[\r][\n]"
16:47:21,442 DEBUG main wire:wire:73 - http-outgoing-7 >> "Host: api.vk.com[\r][\n]"
16:47:21,443 DEBUG main wire:wire:73 - http-outgoing-7 >> "Connection: Keep-Alive[\r][\n]"
16:47:21,444 DEBUG main wire:wire:73 - http-outgoing-7 >> "User-Agent: Apache-HttpClient/4.5.6 (Java/12.0.1)[\r][\n]"
16:47:21,444 DEBUG main wire:wire:73 - http-outgoing-7 >> "Accept-Encoding: gzip,deflate[\r][\n]"
16:47:21,445 DEBUG main wire:wire:73 - http-outgoing-7 >> "[\r][\n]"
16:47:21,654 DEBUG main wire:wire:73 - http-outgoing-7 << "HTTP/1.1 200 OK[\r][\n]"
16:47:21,654 DEBUG main wire:wire:73 - http-outgoing-7 << "Server: VK[\r][\n]"
16:47:21,655 DEBUG main wire:wire:73 - http-outgoing-7 << "Date: Wed, 08 Jan 2020 13:47:21 GMT[\r][\n]"
16:47:21,656 DEBUG main wire:wire:73 - http-outgoing-7 << "Content-Type: application/json; charset=utf-8[\r][\n]"
16:47:21,656 DEBUG main wire:wire:73 - http-outgoing-7 << "Content-Length: 549[\r][\n]"
16:47:21,657 DEBUG main wire:wire:73 - http-outgoing-7 << "Connection: keep-alive[\r][\n]"
16:47:21,657 DEBUG main wire:wire:73 - http-outgoing-7 << "X-Powered-By: PHP/3.22587[\r][\n]"
16:47:21,658 DEBUG main wire:wire:73 - http-outgoing-7 << "Cache-control: no-store[\r][\n]"
16:47:21,659 DEBUG main wire:wire:73 - http-outgoing-7 << "Content-Encoding: gzip[\r][\n]"
16:47:21,660 DEBUG main wire:wire:73 - http-outgoing-7 << "Strict-Transport-Security: max-age=86400[\r][\n]"
16:47:21,665 DEBUG main wire:wire:73 - http-outgoing-7 << "[\r][\n]"
16:47:21,667 DEBUG main wire:wire:73 - http-outgoing-7 << "[0x1f][0x8b][0x8][0x0][0x0][0x0][0x0][0x0][0x0][0x3][0xed][0x99][0xc1][0x8e][0x9b]0[0x10][0x86]_[0xa5][0xf2][0x99][0x83]M[0xb0]1y[0x81]>[0xc4][0xaa][0x8a](8[0xbb]V[0x1]#[0x1b][0xb2][0xad]"[0xde][0xbd]6[0x10][0x88]V[0x95][0x12][0xcd].[0xf4]27<[0x86][0xb1]g>[0xfe][0xc1][0x99]\[0x89]U[0xae]5[0x8d]S[0xe4]x%[0x85][0xe9][0x9b][0x8e][0x1c]%[0x8d][0x88][0xee]T[0xed][0xc8][0xf1][0xe5]JtI[0x8e][0x8c][0xa5][0x11]9[S[0x9f][0xc2][0x88][0xd3][0x3][0xa3]<e,"[0xe6][0xbd]Q[0xf6][0xa3][0xb1][0xcc];[0xef][0x8e][0xf1]T&[0x19][0x8b][0xf]YDZ[0xe3][0xba]S[0xf7][0xa7][0xf5][0xe6][0xf1][0x9a]D[0xa4]S[0xbf][0xfd]R[0xe4][0xbb]1[0xe5][0xb7][0xda][0xd8]F7[0xaf][0xde]Z[0xe4][0xcd]I[0x95][0xda][0xcf][0xb0]iP[0xaa]J[0x8d][0xde][0xa6]a[0xab][0x9b][0xe5]:[0xb7][0xc5][0x9b][0xbe][0xf8][0xb9][0xce][0xf6][0xca][0xef][0xd8][0xdd],~7[0xe7][0xbc]rj^[0xd7][0x99][0xde][0x16]c|[0xf3][0xe][0xf2]V[0x93][0xc1][0xfb]0u[0xad][0x9a][0xce][0xdd]EN[0xe7]U[0xc2][0x16][0xc3]2[0xaf][0xd6][0xf4][0xad];[0xad][0xb6]i[0xa9]0.*[0x13][0x92][0xc6][0xbc][0xa3]J[0xff]R[0x1f][0xbc][0xf4][0xce][0xa7]e[0xb6][0xcf]N[0xc3]h[0x8d][0xa3][0xff]Yi[0xf7]6=oUp[0xfe]/[0xf][0xd3]L[0x8][0x88][0xe]c[0x84][0xe7][0xfc]b[0xac][0xe][0x9][0x99]#[0xc][0xc9][\n]"
16:47:21,669 DEBUG main wire:wire:73 - http-outgoing-7 << "[0xf3][0xb7]l'[0xfe][0xc6][0x1b]3[0x1]g&[0x1f]2S[0x17][0x85][0xcc] [0xcc]V>[0x1c][0xca][0x87][0xa6][0x8f]5[0x85]|>[0xcd][0xe7][0x0][0xe4]CS[0x91]b[0xcd][0xdb][0xab][0xe6][0xf9]l[0xcb][0x95]Y[0xc]g&PS[0xdb]k[0x8a]A[0xf9]p[0xac]y;[0xf0][0xa1][0x9][0x8c][0x8f][0x14]\p[0xac]y_[0xc3][0xe7][0xa2][0xd5][0xfb][0xfd]][0xec][0x99]:8[0x12]X9[0x2][0xeb][0xa0][0x14]Ix[0x5][0x90][0xe3][0x16][0x1c][0xe3][0xe7]8&[0xf4][0x8e]#[0xb0]^[0x6]/[0x7][0xac][0x97][[0xd7][0xcb],[0x83][0xe2]aO[0xe0]A[0x99]mY.=[0x81][0x5][0xa3][0x84]b[0xa4][0x19]E[0x95]m[0xae]2`#CrI[0x1f][0x1f][0xea]Qe_[0xf3]Cl[0xcc][0xf6][0x82][0xc][0xd8][0xdb][0x8]N[0x1e][0x9f]#QQ[0x9f]U[0x14][0xb0][0xb5]!y"[0xf0][0xbb][0xb5][0x9f][0xa2][0x12][0x91],[0xc8][0xa0]'z[0xef]$FEm[0xae]([\n]"
16:47:21,670 DEBUG main wire:wire:87 - http-outgoing-7 << "[0xc4][0x13][0xb3][0xc][0x15][0xf5]_O[0x82][0x81][0xc0][\r][0xa3][0x84][0x1e][0xe8][0xbd][0x13]T[0xd9][0xe6]*[0x93][0xc0][0xbf]!e[0xb0][0xa1][0xca][0xf6][0xfa]n[0xf9]l/-y[0x9]=[0xbc]{[0x1b]v[0xe4][0xb7]W[0x14][0xb0][0xe1][0x9b]J[0x9e]a[0xc3]w/E[0x85]l[0x8b][0xe1][0xc7]0[0xfc][0x5]P^~L[0xb0]![0x0][0x0]"
16:47:21,672 DEBUG main headers:onResponseReceived:122 - http-outgoing-7 << HTTP/1.1 200 OK
16:47:21,672 DEBUG main headers:onResponseReceived:125 - http-outgoing-7 << Server: VK
16:47:21,673 DEBUG main headers:onResponseReceived:125 - http-outgoing-7 << Date: Wed, 08 Jan 2020 13:47:21 GMT
16:47:21,679 DEBUG main headers:onResponseReceived:125 - http-outgoing-7 << Content-Type: application/json; charset=utf-8
16:47:21,680 DEBUG main headers:onResponseReceived:125 - http-outgoing-7 << Content-Length: 549
16:47:21,680 DEBUG main headers:onResponseReceived:125 - http-outgoing-7 << Connection: keep-alive
16:47:21,681 DEBUG main headers:onResponseReceived:125 - http-outgoing-7 << X-Powered-By: PHP/3.22587
16:47:21,682 DEBUG main headers:onResponseReceived:125 - http-outgoing-7 << Cache-control: no-store
16:47:21,684 DEBUG main headers:onResponseReceived:125 - http-outgoing-7 << Content-Encoding: gzip
16:47:21,685 DEBUG main headers:onResponseReceived:125 - http-outgoing-7 << Strict-Transport-Security: max-age=86400
16:47:21,686 DEBUG main MainClientExec:execute:285 - Connection can be kept alive indefinitely
16:47:21,694 DEBUG main PoolingHttpClientConnectionManager:releaseConnection:341 - Connection [id: 7][route: {s}->https://api.vk.com:443] can be kept alive indefinitely
16:47:21,697 DEBUG main DefaultManagedHttpClientConnection:setSocketTimeout:88 - http-outgoing-7: set socket timeout to 0
16:47:21,705 DEBUG main PoolingHttpClientConnectionManager:releaseConnection:348 - Connection released: [id: 7][route: {s}->https://api.vk.com:443][total kept alive: 1; route allocated: 1 of 2; total allocated: 1 of 20]
16:47:21,707 DEBUG main CompiledPath:evaluate:47 - Evaluating path: $['response']['items']
16:47:21,709 DEBUG main CompiledPath:evaluate:47 - Evaluating path: $['id']
16:47:21,710 DEBUG main CompiledPath:evaluate:47 - Evaluating path: $['id']
16:47:21,711 DEBUG main CompiledPath:evaluate:47 - Evaluating path: $['id']
16:47:21,712 DEBUG main CompiledPath:evaluate:47 - Evaluating path: $['id']
16:47:21,713 DEBUG main CompiledPath:evaluate:47 - Evaluating path: $['id']
16:47:21,714 DEBUG main CompiledPath:evaluate:47 - Evaluating path: $['id']
16:47:21,716 DEBUG main CompiledPath:evaluate:47 - Evaluating path: $['id']
16:47:21,717 DEBUG main CompiledPath:evaluate:47 - Evaluating path: $['id']
16:47:21,721 DEBUG main CompiledPath:evaluate:47 - Evaluating path: $['id']
16:47:21,722 DEBUG main CompiledPath:evaluate:47 - Evaluating path: $['id']
16:47:21,723 DEBUG main CompiledPath:evaluate:47 - Evaluating path: $['id']
16:47:21,727 DEBUG main CompiledPath:evaluate:47 - Evaluating path: $['id']
16:47:21,729 DEBUG main CompiledPath:evaluate:47 - Evaluating path: $['id']
16:47:21,731 DEBUG main CompiledPath:evaluate:47 - Evaluating path: $['id']
16:47:21,732 DEBUG main CompiledPath:evaluate:47 - Evaluating path: $['id']
16:47:21,734 DEBUG main CompiledPath:evaluate:47 - Evaluating path: $['id']
16:47:21,739 DEBUG main CompiledPath:evaluate:47 - Evaluating path: $['id']
16:47:21,742 DEBUG main CompiledPath:evaluate:47 - Evaluating path: $['id']
16:47:21,744 DEBUG main CompiledPath:evaluate:47 - Evaluating path: $['id']
16:47:21,745 DEBUG main CompiledPath:evaluate:47 - Evaluating path: $['id']
16:47:21,748 ERROR main WallTest:postIsDeletedTest:42 - error message
